Log file started Wed Mar 09 21:46:16 2011
Wed Mar 09 21:46:16 2011: WSAStartup OK
Wed Mar 09 21:46:16 2011: Initialising game
Wed Mar 09 21:46:16 2011: No net interface given, using any interface available
Wed Mar 09 21:46:16 2011: Opening UDP port = 30004
Wed Mar 09 21:46:21 2011: LIB: Adding client, index 1
Wed Mar 09 21:46:21 2011: LIB: Server: Adding first client
Wed Mar 09 21:46:21 2011: LIBRARY: Server: a client connected succesfully
Wed Mar 09 21:46:21 2011: App: Server: Adding first client
Wed Mar 09 21:46:23 2011: server setupBody x: 0.000000
Wed Mar 09 21:46:23 2011: server setupBody y: 5.000000
Wed Mar 09 21:46:23 2011: server setupBody z: 0.000000
Wed Mar 09 21:46:35 2011: Client 1: read CMD_KEY (1)
Wed Mar 09 21:46:35 2011: updateBody x 0.047869
Wed Mar 09 21:46:35 2011: updateBody y 5.000000
Wed Mar 09 21:46:35 2011: updateBody z 0.302233
Wed Mar 09 21:46:35 2011: updateBody x 0.134773
Wed Mar 09 21:46:35 2011: updateBody y 5.000000
Wed Mar 09 21:46:35 2011: updateBody z 0.577857
Wed Mar 09 21:46:35 2011: updateBody x 0.435027
Wed Mar 09 21:46:35 2011: updateBody y 5.000000
Wed Mar 09 21:46:35 2011: updateBody z 1.031491
Wed Mar 09 21:46:35 2011: updateBody x 0.683020
Wed Mar 09 21:46:35 2011: updateBody y 5.000000
Wed Mar 09 21:46:35 2011: updateBody z 1.288295
Wed Mar 09 21:46:35 2011: updateBody x 0.958086
Wed Mar 09 21:46:35 2011: updateBody y 5.000000
Wed Mar 09 21:46:35 2011: updateBody z 1.488142
Wed Mar 09 21:46:35 2011: updateBody x 1.263676
Wed Mar 09 21:46:35 2011: updateBody y 5.000000
Wed Mar 09 21:46:35 2011: updateBody z 1.637188
Wed Mar 09 21:46:35 2011: updateBody x 1.590505
Wed Mar 09 21:46:35 2011: updateBody y 5.000000
Wed Mar 09 21:46:35 2011: updateBody z 1.730904
Wed Mar 09 21:46:35 2011: updateBody x 1.945862
Wed Mar 09 21:46:35 2011: updateBody y 5.000000
Wed Mar 09 21:46:35 2011: updateBody z 1.765121
Wed Mar 09 21:46:35 2011: updateBody x 2.268075
Wed Mar 09 21:46:35 2011: updateBody y 5.000000
Wed Mar 09 21:46:35 2011: updateBody z 1.742589
Wed Mar 09 21:46:35 2011: updateBody x 2.566233
Wed Mar 09 21:46:35 2011: updateBody y 5.000000
Wed Mar 09 21:46:35 2011: updateBody z 1.673754
Wed Mar 09 21:46:35 2011: updateBody x 2.864646
Wed Mar 09 21:46:35 2011: updateBody y 5.000000
Wed Mar 09 21:46:35 2011: updateBody z 1.550147
Wed Mar 09 21:46:35 2011: updateBody x 3.125555
Wed Mar 09 21:46:35 2011: updateBody y 5.000000
Wed Mar 09 21:46:35 2011: updateBody z 1.390262
Wed Mar 09 21:46:35 2011: updateBody x 3.380200
Wed Mar 09 21:46:35 2011: updateBody y 5.000000
Wed Mar 09 21:46:35 2011: updateBody z 1.164970
Wed Mar 09 21:46:36 2011: updateBody x 3.574840
Wed Mar 09 21:46:36 2011: updateBody y 5.000000
Wed Mar 09 21:46:36 2011: updateBody z 0.928852
Wed Mar 09 21:46:36 2011: updateBody x 3.736340
Wed Mar 09 21:46:36 2011: updateBody y 5.000000
Wed Mar 09 21:46:36 2011: updateBody z 0.649125
Wed Mar 09 21:46:36 2011: updateBody x 3.849458
Wed Mar 09 21:46:36 2011: updateBody y 5.000000
Wed Mar 09 21:46:36 2011: updateBody z 0.346579
Wed Mar 09 21:46:36 2011: updateBody x 3.911450
Wed Mar 09 21:46:36 2011: updateBody y 5.000000
Wed Mar 09 21:46:36 2011: updateBody z -0.004998
Wed Mar 09 21:46:36 2011: updateBody x 3.914269
Wed Mar 09 21:46:36 2011: updateBody y 5.000000
Wed Mar 09 21:46:36 2011: updateBody z -0.327987
Wed Mar 09 21:46:36 2011: updateBody x 3.914269
Wed Mar 09 21:46:36 2011: updateBody y 5.000000
Wed Mar 09 21:46:36 2011: updateBody z -0.650988
Wed Mar 09 21:46:36 2011: Client 1: read CMD_KEY (5)
Wed Mar 09 21:46:36 2011: updateBody x 3.866400
Wed Mar 09 21:46:36 2011: updateBody y 5.000000
Wed Mar 09 21:46:36 2011: updateBody z -0.953222
Wed Mar 09 21:46:36 2011: updateBody x 3.763910
Wed Mar 09 21:46:36 2011: updateBody y 5.000000
Wed Mar 09 21:46:36 2011: updateBody z -1.259532
Wed Mar 09 21:46:36 2011: updateBody x 3.612271
Wed Mar 09 21:46:36 2011: updateBody y 5.000000
Wed Mar 09 21:46:36 2011: updateBody z -1.544726
Wed Mar 09 21:46:36 2011: updateBody x 3.428115
Wed Mar 09 21:46:36 2011: updateBody y 5.000000
Wed Mar 09 21:46:36 2011: updateBody z -1.789109
Wed Mar 09 21:46:36 2011: updateBody x 3.187697
Wed Mar 09 21:46:36 2011: updateBody y 5.000000
Wed Mar 09 21:46:36 2011: updateBody z -2.029527
Wed Mar 09 21:46:36 2011: updateBody x 2.971322
Wed Mar 09 21:46:36 2011: updateBody y 5.000000
Wed Mar 09 21:46:36 2011: updateBody z -2.245902
Wed Mar 09 21:46:36 2011: updateBody x 2.730905
Wed Mar 09 21:46:36 2011: updateBody y 5.000000
Wed Mar 09 21:46:36 2011: updateBody z -2.486320
Wed Mar 09 21:46:36 2011: updateBody x 2.514529
Wed Mar 09 21:46:36 2011: updateBody y 5.000000
Wed Mar 09 21:46:36 2011: updateBody z -2.702695
Wed Mar 09 21:46:36 2011: updateBody x 2.298153
Wed Mar 09 21:46:36 2011: updateBody y 5.000000
Wed Mar 09 21:46:36 2011: updateBody z -2.919071
Wed Mar 09 21:46:36 2011: updateBody x 2.057736
Wed Mar 09 21:46:36 2011: updateBody y 5.000000
Wed Mar 09 21:46:36 2011: updateBody z -3.159488
Wed Mar 09 21:46:36 2011: updateBody x 1.829340
Wed Mar 09 21:46:36 2011: updateBody y 5.000000
Wed Mar 09 21:46:36 2011: updateBody z -3.387885
Wed Mar 09 21:46:36 2011: updateBody x 1.612964
Wed Mar 09 21:46:36 2011: updateBody y 5.000000
Wed Mar 09 21:46:36 2011: updateBody z -3.604261
Wed Mar 09 21:46:36 2011: updateBody x 1.396589
Wed Mar 09 21:46:36 2011: updateBody y 5.000000
Wed Mar 09 21:46:36 2011: updateBody z -3.820636
Wed Mar 09 21:46:36 2011: updateBody x 1.180213
Wed Mar 09 21:46:36 2011: updateBody y 5.000000
Wed Mar 09 21:46:36 2011: updateBody z -4.037012
Wed Mar 09 21:46:36 2011: updateBody x 0.915754
Wed Mar 09 21:46:36 2011: updateBody y 5.000000
Wed Mar 09 21:46:36 2011: updateBody z -4.301471
Wed Mar 09 21:46:36 2011: updateBody x 0.699379
Wed Mar 09 21:46:36 2011: updateBody y 5.000000
Wed Mar 09 21:46:36 2011: updateBody z -4.517847
Wed Mar 09 21:46:36 2011: updateBody x 0.483003
Wed Mar 09 21:46:36 2011: updateBody y 5.000000
Wed Mar 09 21:46:36 2011: updateBody z -4.734223
Wed Mar 09 21:46:36 2011: updateBody x 0.242586
Wed Mar 09 21:46:36 2011: updateBody y 5.000000
Wed Mar 09 21:46:36 2011: updateBody z -4.974640
Wed Mar 09 21:46:36 2011: updateBody x 0.038231
Wed Mar 09 21:46:36 2011: updateBody y 5.000000
Wed Mar 09 21:46:36 2011: updateBody z -5.178995
Wed Mar 09 21:46:36 2011: updateBody x -0.202186
Wed Mar 09 21:46:36 2011: updateBody y 5.000000
Wed Mar 09 21:46:36 2011: updateBody z -5.419413
Wed Mar 09 21:46:36 2011: Client 1: read CMD_KEY (4)
Wed Mar 09 21:46:36 2011: updateBody x -0.449746
Wed Mar 09 21:46:36 2011: updateBody y 5.000000
Wed Mar 09 21:46:36 2011: updateBody z -5.599276
Wed Mar 09 21:46:36 2011: updateBody x -0.755337
Wed Mar 09 21:46:36 2011: updateBody y 5.000000
Wed Mar 09 21:46:36 2011: updateBody z -5.748322
Wed Mar 09 21:46:36 2011: updateBody x -1.065037
Wed Mar 09 21:46:36 2011: updateBody y 5.000000
Wed Mar 09 21:46:36 2011: updateBody z -5.840060
Wed Mar 09 21:46:36 2011: updateBody x -1.368420
Wed Mar 09 21:46:36 2011: updateBody y 5.000000
Wed Mar 09 21:46:36 2011: updateBody z -5.880002
Wed Mar 09 21:46:36 2011: updateBody x -1.708421
Wed Mar 09 21:46:36 2011: updateBody y 5.000000
Wed Mar 09 21:46:36 2011: updateBody z -5.880002
Wed Mar 09 21:46:36 2011: updateBody x -2.031422
Wed Mar 09 21:46:36 2011: updateBody y 5.000000
Wed Mar 09 21:46:36 2011: updateBody z -5.880002
Wed Mar 09 21:46:36 2011: updateBody x -2.354423
Wed Mar 09 21:46:36 2011: updateBody y 5.000000
Wed Mar 09 21:46:36 2011: updateBody z -5.880002
Wed Mar 09 21:46:36 2011: updateBody x -2.660424
Wed Mar 09 21:46:36 2011: updateBody y 5.000000
Wed Mar 09 21:46:36 2011: updateBody z -5.880002
Wed Mar 09 21:46:36 2011: updateBody x -3.017425
Wed Mar 09 21:46:36 2011: updateBody y 5.000000
Wed Mar 09 21:46:36 2011: updateBody z -5.880002
Wed Mar 09 21:46:36 2011: updateBody x -3.323426
Wed Mar 09 21:46:36 2011: updateBody y 5.000000
Wed Mar 09 21:46:36 2011: updateBody z -5.880002
Wed Mar 09 21:46:36 2011: updateBody x -3.646427
Wed Mar 09 21:46:36 2011: updateBody y 5.000000
Wed Mar 09 21:46:36 2011: updateBody z -5.880002
Wed Mar 09 21:46:36 2011: updateBody x -3.952428
Wed Mar 09 21:46:36 2011: updateBody y 5.000000
Wed Mar 09 21:46:36 2011: updateBody z -5.880002
Wed Mar 09 21:46:36 2011: updateBody x -4.275429
Wed Mar 09 21:46:36 2011: updateBody y 5.000000
Wed Mar 09 21:46:36 2011: updateBody z -5.880002
Wed Mar 09 21:46:36 2011: Client 1: read CMD_KEY (6)
Wed Mar 09 21:46:36 2011: updateBody x -4.577662
Wed Mar 09 21:46:36 2011: updateBody y 5.000000
Wed Mar 09 21:46:36 2011: updateBody z -5.832133
Wed Mar 09 21:46:36 2011: updateBody x -4.868686
Wed Mar 09 21:46:36 2011: updateBody y 5.000000
Wed Mar 09 21:46:36 2011: updateBody z -5.737574
Wed Mar 09 21:46:36 2011: updateBody x -5.168889
Wed Mar 09 21:46:36 2011: updateBody y 5.000000
Wed Mar 09 21:46:36 2011: updateBody z -5.577953
Wed Mar 09 21:46:36 2011: updateBody x -5.425142
Wed Mar 09 21:46:36 2011: updateBody y 5.000000
Wed Mar 09 21:46:36 2011: updateBody z -5.381322
Wed Mar 09 21:46:36 2011: updateBody x -5.653537
Wed Mar 09 21:46:36 2011: updateBody y 5.000000
Wed Mar 09 21:46:36 2011: updateBody z -5.152926
Wed Mar 09 21:46:36 2011: Client 1: read CMD_KEY (2)
Wed Mar 09 21:46:36 2011: updateBody x -5.825441
Wed Mar 09 21:46:36 2011: updateBody y 5.000000
Wed Mar 09 21:46:36 2011: updateBody z -4.920611
Wed Mar 09 21:46:36 2011: updateBody x -5.977148
Wed Mar 09 21:46:36 2011: updateBody y 5.000000
Wed Mar 09 21:46:36 2011: updateBody z -4.616333
Wed Mar 09 21:46:36 2011: updateBody x -6.071584
Wed Mar 09 21:46:36 2011: updateBody y 5.000000
Wed Mar 09 21:46:36 2011: updateBody z -4.307447
Wed Mar 09 21:46:36 2011: updateBody x -6.111997
Wed Mar 09 21:46:36 2011: updateBody y 5.000000
Wed Mar 09 21:46:36 2011: updateBody z -3.952742
Wed Mar 09 21:46:36 2011: updateBody x -6.111997
Wed Mar 09 21:46:36 2011: updateBody y 5.000000
Wed Mar 09 21:46:36 2011: updateBody z -3.663742
Wed Mar 09 21:46:36 2011: updateBody x -6.111997
Wed Mar 09 21:46:36 2011: updateBody y 5.000000
Wed Mar 09 21:46:36 2011: updateBody z -3.340742
Wed Mar 09 21:46:36 2011: updateBody x -6.111997
Wed Mar 09 21:46:36 2011: updateBody y 5.000000
Wed Mar 09 21:46:36 2011: updateBody z -3.034742
Wed Mar 09 21:46:36 2011: updateBody x -6.111997
Wed Mar 09 21:46:36 2011: updateBody y 5.000000
Wed Mar 09 21:46:36 2011: updateBody z -2.728742
Wed Mar 09 21:46:36 2011: updateBody x -6.111997
Wed Mar 09 21:46:36 2011: updateBody y 5.000000
Wed Mar 09 21:46:36 2011: updateBody z -2.371742
Wed Mar 09 21:46:37 2011: updateBody x -6.111997
Wed Mar 09 21:46:37 2011: updateBody y 5.000000
Wed Mar 09 21:46:37 2011: updateBody z -2.065742
Wed Mar 09 21:46:37 2011: updateBody x -6.111997
Wed Mar 09 21:46:37 2011: updateBody y 5.000000
Wed Mar 09 21:46:37 2011: updateBody z -1.759742
Wed Mar 09 21:46:37 2011: updateBody x -6.111997
Wed Mar 09 21:46:37 2011: updateBody y 5.000000
Wed Mar 09 21:46:37 2011: updateBody z -1.419742
Wed Mar 09 21:46:37 2011: updateBody x -6.111997
Wed Mar 09 21:46:37 2011: updateBody y 5.000000
Wed Mar 09 21:46:37 2011: updateBody z -1.079742
Wed Mar 09 21:46:37 2011: Client 1: read CMD_KEY (10)
Wed Mar 09 21:46:37 2011: updateBody x -6.058686
Wed Mar 09 21:46:37 2011: updateBody y 5.000000
Wed Mar 09 21:46:37 2011: updateBody z -0.761172
Wed Mar 09 21:46:37 2011: updateBody x -5.953526
Wed Mar 09 21:46:37 2011: updateBody y 5.000000
Wed Mar 09 21:46:37 2011: updateBody z -0.455769
Wed Mar 09 21:46:37 2011: updateBody x -5.799404
Wed Mar 09 21:46:37 2011: updateBody y 5.000000
Wed Mar 09 21:46:37 2011: updateBody z -0.171911
Wed Mar 09 21:46:37 2011: updateBody x -5.600544
Wed Mar 09 21:46:37 2011: updateBody y 5.000000
Wed Mar 09 21:46:37 2011: updateBody z 0.082616
Wed Mar 09 21:46:37 2011: updateBody x -5.384169
Wed Mar 09 21:46:37 2011: updateBody y 5.000000
Wed Mar 09 21:46:37 2011: updateBody z 0.298990
Wed Mar 09 21:46:37 2011: updateBody x -5.155773
Wed Mar 09 21:46:37 2011: updateBody y 5.000000
Wed Mar 09 21:46:37 2011: updateBody z 0.527386
Wed Mar 09 21:46:37 2011: Client 1: read CMD_KEY (2)
Wed Mar 09 21:46:37 2011: updateBody x -4.960757
Wed Mar 09 21:46:37 2011: updateBody y 5.000000
Wed Mar 09 21:46:37 2011: updateBody z 0.805898
Wed Mar 09 21:46:37 2011: updateBody x -4.826616
Wed Mar 09 21:46:37 2011: updateBody y 5.000000
Wed Mar 09 21:46:37 2011: updateBody z 1.080929
Wed Mar 09 21:46:37 2011: updateBody x -4.734879
Wed Mar 09 21:46:37 2011: updateBody y 5.000000
Wed Mar 09 21:46:37 2011: updateBody z 1.390628
Wed Mar 09 21:46:37 2011: updateBody x -4.695516
Wed Mar 09 21:46:37 2011: updateBody y 5.000000
Wed Mar 09 21:46:37 2011: updateBody z 1.711221
Wed Mar 09 21:46:37 2011: updateBody x -4.695516
Wed Mar 09 21:46:37 2011: updateBody y 5.000000
Wed Mar 09 21:46:37 2011: updateBody z 2.051220
Wed Mar 09 21:46:37 2011: updateBody x -4.695516
Wed Mar 09 21:46:37 2011: updateBody y 5.000000
Wed Mar 09 21:46:37 2011: updateBody z 2.391220
Wed Mar 09 21:46:37 2011: updateBody x -4.695516
Wed Mar 09 21:46:37 2011: updateBody y 5.000000
Wed Mar 09 21:46:37 2011: updateBody z 2.697220
Wed Mar 09 21:46:37 2011: Client 1: read CMD_KEY (10)
Wed Mar 09 21:46:37 2011: updateBody x -4.647646
Wed Mar 09 21:46:37 2011: updateBody y 5.000000
Wed Mar 09 21:46:37 2011: updateBody z 2.999453
Wed Mar 09 21:46:37 2011: updateBody x -4.553087
Wed Mar 09 21:46:37 2011: updateBody y 5.000000
Wed Mar 09 21:46:37 2011: updateBody z 3.290476
Wed Mar 09 21:46:37 2011: updateBody x -4.393466
Wed Mar 09 21:46:37 2011: updateBody y 5.000000
Wed Mar 09 21:46:37 2011: updateBody z 3.590678
Wed Mar 09 21:46:37 2011: Client 1: read CMD_KEY (8)
Wed Mar 09 21:46:37 2011: updateBody x -4.060399
Wed Mar 09 21:46:37 2011: updateBody y 5.000000
Wed Mar 09 21:46:37 2011: updateBody z 3.954156
Wed Mar 09 21:46:37 2011: updateBody x -3.679869
Wed Mar 09 21:46:37 2011: updateBody y 5.000000
Wed Mar 09 21:46:37 2011: updateBody z 4.210824
Wed Mar 09 21:46:37 2011: updateBody x -3.144831
Wed Mar 09 21:46:37 2011: updateBody y 5.000000
Wed Mar 09 21:46:37 2011: updateBody z 4.379519
Wed Mar 09 21:46:37 2011: updateBody x -2.413827
Wed Mar 09 21:46:37 2011: updateBody y 5.000000
Wed Mar 09 21:46:37 2011: updateBody z 4.379519
Wed Mar 09 21:46:37 2011: updateBody x -1.886825
Wed Mar 09 21:46:37 2011: updateBody y 5.000000
Wed Mar 09 21:46:37 2011: updateBody z 4.379519
Wed Mar 09 21:46:37 2011: updateBody x -1.495823
Wed Mar 09 21:46:37 2011: updateBody y 5.000000
Wed Mar 09 21:46:37 2011: updateBody z 4.379519
Wed Mar 09 21:46:37 2011: updateBody x -1.189821
Wed Mar 09 21:46:37 2011: updateBody y 5.000000
Wed Mar 09 21:46:37 2011: updateBody z 4.379519
Wed Mar 09 21:46:37 2011: updateBody x -0.849820
Wed Mar 09 21:46:37 2011: updateBody y 5.000000
Wed Mar 09 21:46:37 2011: updateBody z 4.379519
Wed Mar 09 21:46:37 2011: updateBody x -0.543818
Wed Mar 09 21:46:37 2011: updateBody y 5.000000
Wed Mar 09 21:46:37 2011: updateBody z 4.379519
Wed Mar 09 21:46:37 2011: updateBody x -0.101816
Wed Mar 09 21:46:37 2011: updateBody y 5.000000
Wed Mar 09 21:46:37 2011: updateBody z 4.379519
Wed Mar 09 21:46:37 2011: updateBody x 0.561187
Wed Mar 09 21:46:37 2011: updateBody y 5.000000
Wed Mar 09 21:46:37 2011: updateBody z 4.379519
Wed Mar 09 21:46:37 2011: updateBody x 1.139190
Wed Mar 09 21:46:37 2011: updateBody y 5.000000
Wed Mar 09 21:46:37 2011: updateBody z 4.379519
Wed Mar 09 21:46:37 2011: updateBody x 1.615193
Wed Mar 09 21:46:37 2011: updateBody y 5.000000
Wed Mar 09 21:46:37 2011: updateBody z 4.379519
Wed Mar 09 21:46:37 2011: updateBody x 2.210196
Wed Mar 09 21:46:37 2011: updateBody y 5.000000
Wed Mar 09 21:46:37 2011: updateBody z 4.379519
Wed Mar 09 21:46:37 2011: Client 1: read CMD_KEY (9)
Wed Mar 09 21:46:37 2011: updateBody x 2.625124
Wed Mar 09 21:46:37 2011: updateBody y 5.000000
Wed Mar 09 21:46:37 2011: updateBody z 4.287531
Wed Mar 09 21:46:37 2011: updateBody x 2.909834
Wed Mar 09 21:46:37 2011: updateBody y 5.000000
Wed Mar 09 21:46:37 2011: updateBody z 4.175381
Wed Mar 09 21:46:37 2011: updateBody x 3.173494
Wed Mar 09 21:46:37 2011: updateBody y 5.000000
Wed Mar 09 21:46:37 2011: updateBody z 4.020073
Wed Mar 09 21:46:37 2011: updateBody x 3.409614
Wed Mar 09 21:46:37 2011: updateBody y 5.000000
Wed Mar 09 21:46:37 2011: updateBody z 3.825431
Wed Mar 09 21:46:37 2011: updateBody x 3.650032
Wed Mar 09 21:46:37 2011: updateBody y 5.000000
Wed Mar 09 21:46:37 2011: updateBody z 3.585013
Wed Mar 09 21:46:37 2011: updateBody x 3.962577
Wed Mar 09 21:46:37 2011: updateBody y 5.000000
Wed Mar 09 21:46:37 2011: updateBody z 3.272469
Wed Mar 09 21:46:37 2011: updateBody x 4.371288
Wed Mar 09 21:46:37 2011: updateBody y 5.000000
Wed Mar 09 21:46:37 2011: updateBody z 2.863757
Wed Mar 09 21:46:37 2011: updateBody x 4.755958
Wed Mar 09 21:46:37 2011: updateBody y 5.000000
Wed Mar 09 21:46:37 2011: updateBody z 2.479088
Wed Mar 09 21:46:38 2011: updateBody x 5.224774
Wed Mar 09 21:46:38 2011: updateBody y 5.000000
Wed Mar 09 21:46:38 2011: updateBody z 2.010272
Wed Mar 09 21:46:38 2011: updateBody x 5.645507
Wed Mar 09 21:46:38 2011: updateBody y 5.000000
Wed Mar 09 21:46:38 2011: updateBody z 1.589539
Wed Mar 09 21:46:38 2011: updateBody x 5.873905
Wed Mar 09 21:46:38 2011: updateBody y 5.000000
Wed Mar 09 21:46:38 2011: updateBody z 1.361142
Wed Mar 09 21:46:38 2011: updateBody x 6.126344
Wed Mar 09 21:46:38 2011: updateBody y 5.000000
Wed Mar 09 21:46:38 2011: updateBody z 1.108702
Wed Mar 09 21:46:38 2011: updateBody x 6.354742
Wed Mar 09 21:46:38 2011: updateBody y 5.000000
Wed Mar 09 21:46:38 2011: updateBody z 0.880305
Wed Mar 09 21:46:38 2011: updateBody x 6.571119
Wed Mar 09 21:46:38 2011: updateBody y 5.000000
Wed Mar 09 21:46:38 2011: updateBody z 0.663928
Wed Mar 09 21:46:38 2011: updateBody x 6.799517
Wed Mar 09 21:46:38 2011: updateBody y 5.000000
Wed Mar 09 21:46:38 2011: updateBody z 0.435531
Wed Mar 09 21:46:38 2011: updateBody x 7.027915
Wed Mar 09 21:46:38 2011: updateBody y 5.000000
Wed Mar 09 21:46:38 2011: updateBody z 0.207133
Wed Mar 09 21:46:38 2011: Client 1: read CMD_KEY (1)
Wed Mar 09 21:46:38 2011: updateBody x 7.199820
Wed Mar 09 21:46:38 2011: updateBody y 5.000000
Wed Mar 09 21:46:38 2011: updateBody z -0.025184
Wed Mar 09 21:46:38 2011: updateBody x 7.346461
Wed Mar 09 21:46:38 2011: updateBody y 5.000000
Wed Mar 09 21:46:38 2011: updateBody z -0.312982
Wed Mar 09 21:46:38 2011: updateBody x 7.447856
Wed Mar 09 21:46:38 2011: updateBody y 5.000000
Wed Mar 09 21:46:38 2011: updateBody z -0.655284
Wed Mar 09 21:46:38 2011: updateBody x 7.481936
Wed Mar 09 21:46:38 2011: updateBody y 5.000000
Wed Mar 09 21:46:38 2011: updateBody z -1.044801
Wed Mar 09 21:46:38 2011: Client 1: read CMD_KEY (5)
Wed Mar 09 21:46:38 2011: updateBody x 7.432215
Wed Mar 09 21:46:38 2011: updateBody y 5.000000
Wed Mar 09 21:46:38 2011: updateBody z -1.449764
Wed Mar 09 21:46:38 2011: updateBody x 7.308149
Wed Mar 09 21:46:38 2011: updateBody y 5.000000
Wed Mar 09 21:46:38 2011: updateBody z -1.820564
Wed Mar 09 21:46:38 2011: updateBody x 7.101074
Wed Mar 09 21:46:38 2011: updateBody y 5.000000
Wed Mar 09 21:46:38 2011: updateBody z -2.172114
Wed Mar 09 21:46:38 2011: updateBody x 6.728425
Wed Mar 09 21:46:38 2011: updateBody y 5.000000
Wed Mar 09 21:46:38 2011: updateBody z -2.544764
Wed Mar 09 21:46:38 2011: updateBody x 6.439923
Wed Mar 09 21:46:38 2011: updateBody y 5.000000
Wed Mar 09 21:46:38 2011: updateBody z -2.833266
Wed Mar 09 21:46:38 2011: updateBody x 6.151421
Wed Mar 09 21:46:38 2011: updateBody y 5.000000
Wed Mar 09 21:46:38 2011: updateBody z -3.121769
Wed Mar 09 21:46:38 2011: updateBody x 5.923023
Wed Mar 09 21:46:38 2011: updateBody y 5.000000
Wed Mar 09 21:46:38 2011: updateBody z -3.350168
Wed Mar 09 21:46:38 2011: updateBody x 5.694626
Wed Mar 09 21:46:38 2011: updateBody y 5.000000
Wed Mar 09 21:46:38 2011: updateBody z -3.578566
Wed Mar 09 21:46:38 2011: updateBody x 5.466228
Wed Mar 09 21:46:38 2011: updateBody y 5.000000
Wed Mar 09 21:46:38 2011: updateBody z -3.806964
Wed Mar 09 21:46:38 2011: updateBody x 5.249852
Wed Mar 09 21:46:38 2011: updateBody y 5.000000
Wed Mar 09 21:46:38 2011: updateBody z -4.023341
Wed Mar 09 21:46:38 2011: updateBody x 4.997412
Wed Mar 09 21:46:38 2011: updateBody y 5.000000
Wed Mar 09 21:46:38 2011: updateBody z -4.275781
Wed Mar 09 21:46:38 2011: Client 1: read CMD_KEY (4)
Wed Mar 09 21:46:38 2011: updateBody x 4.765096
Wed Mar 09 21:46:38 2011: updateBody y 5.000000
Wed Mar 09 21:46:38 2011: updateBody z -4.447687
Wed Mar 09 21:46:38 2011: updateBody x 4.460816
Wed Mar 09 21:46:38 2011: updateBody y 5.000000
Wed Mar 09 21:46:38 2011: updateBody z -4.599396
Wed Mar 09 21:46:38 2011: updateBody x 4.100416
Wed Mar 09 21:46:38 2011: updateBody y 5.000000
Wed Mar 09 21:46:38 2011: updateBody z -4.699345
Wed Mar 09 21:46:38 2011: updateBody x 3.437412
Wed Mar 09 21:46:38 2011: updateBody y 5.000000
Wed Mar 09 21:46:38 2011: updateBody z -4.699345
Wed Mar 09 21:46:38 2011: updateBody x 2.859408
Wed Mar 09 21:46:38 2011: updateBody y 5.000000
Wed Mar 09 21:46:38 2011: updateBody z -4.699345
Wed Mar 09 21:46:38 2011: updateBody x 2.400405
Wed Mar 09 21:46:38 2011: updateBody y 5.000000
Wed Mar 09 21:46:38 2011: updateBody z -4.699345
Wed Mar 09 21:46:38 2011: Client 1: read CMD_KEY (6)
Wed Mar 09 21:46:38 2011: updateBody x 1.847659
Wed Mar 09 21:46:38 2011: updateBody y 5.000000
Wed Mar 09 21:46:38 2011: updateBody z -4.530354
Wed Mar 09 21:46:38 2011: updateBody x 1.464875
Wed Mar 09 21:46:38 2011: updateBody y 5.000000
Wed Mar 09 21:46:38 2011: updateBody z -4.309353
Wed Mar 09 21:46:38 2011: updateBody x 1.238700
Wed Mar 09 21:46:38 2011: updateBody y 5.000000
Wed Mar 09 21:46:38 2011: updateBody z -4.129446
Wed Mar 09 21:46:38 2011: updateBody x 0.986263
Wed Mar 09 21:46:38 2011: updateBody y 5.000000
Wed Mar 09 21:46:38 2011: updateBody z -3.877008
Wed Mar 09 21:46:38 2011: updateBody x 0.781909
Wed Mar 09 21:46:38 2011: updateBody y 5.000000
Wed Mar 09 21:46:38 2011: updateBody z -3.672654
Wed Mar 09 21:46:38 2011: Client 1: read CMD_KEY (2)
Wed Mar 09 21:46:38 2011: updateBody x 0.602047
Wed Mar 09 21:46:38 2011: updateBody y 5.000000
Wed Mar 09 21:46:38 2011: updateBody z -3.425094
Wed Mar 09 21:46:38 2011: updateBody x 0.443988
Wed Mar 09 21:46:38 2011: updateBody y 5.000000
Wed Mar 09 21:46:38 2011: updateBody z -3.086134
Wed Mar 09 21:46:38 2011: updateBody x 0.353165
Wed Mar 09 21:46:38 2011: updateBody y 5.000000
Wed Mar 09 21:46:38 2011: updateBody z -2.618879
Wed Mar 09 21:46:38 2011: updateBody x 0.353165
Wed Mar 09 21:46:38 2011: updateBody y 5.000000
Wed Mar 09 21:46:38 2011: updateBody z -2.074879
Wed Mar 09 21:46:38 2011: Client 1: read CMD_KEY (10)
Wed Mar 09 21:46:38 2011: updateBody x 0.585741
Wed Mar 09 21:46:38 2011: updateBody y 5.000000
Wed Mar 09 21:46:38 2011: updateBody z -1.435889
Wed Mar 09 21:46:38 2011: Client 1: read CMD_KEY (14)
Wed Mar 09 21:46:38 2011: updateBody x 0.878268
Wed Mar 09 21:46:38 2011: updateBody y 5.000000
Wed Mar 09 21:46:38 2011: updateBody z -1.018122
Wed Mar 09 21:46:38 2011: updateBody x 1.226872
Wed Mar 09 21:46:38 2011: updateBody y 5.000000
Wed Mar 09 21:46:38 2011: updateBody z -0.669518
Wed Mar 09 21:46:38 2011: Client 1: read CMD_KEY (12)
Wed Mar 09 21:46:38 2011: updateBody x 1.474433
Wed Mar 09 21:46:38 2011: updateBody y 5.000000
Wed Mar 09 21:46:38 2011: updateBody z -0.489656
Wed Mar 09 21:46:38 2011: updateBody x 1.796657
Wed Mar 09 21:46:38 2011: updateBody y 5.000000
Wed Mar 09 21:46:38 2011: updateBody z -0.335964
Wed Mar 09 21:46:39 2011: updateBody x 2.107147
Wed Mar 09 21:46:39 2011: updateBody y 5.000000
Wed Mar 09 21:46:39 2011: updateBody z -0.246933
Wed Mar 09 21:46:39 2011: updateBody x 2.479726
Wed Mar 09 21:46:39 2011: updateBody y 5.000000
Wed Mar 09 21:46:39 2011: updateBody z -0.214338
Wed Mar 09 21:46:39 2011: updateBody x 3.176731
Wed Mar 09 21:46:39 2011: updateBody y 5.000000
Wed Mar 09 21:46:39 2011: updateBody z -0.214338
Wed Mar 09 21:46:39 2011: updateBody x 3.669734
Wed Mar 09 21:46:39 2011: updateBody y 5.000000
Wed Mar 09 21:46:39 2011: updateBody z -0.214338
Wed Mar 09 21:46:39 2011: updateBody x 4.077737
Wed Mar 09 21:46:39 2011: updateBody y 5.000000
Wed Mar 09 21:46:39 2011: updateBody z -0.214338
Wed Mar 09 21:46:39 2011: updateBody x 4.468740
Wed Mar 09 21:46:39 2011: updateBody y 5.000000
Wed Mar 09 21:46:39 2011: updateBody z -0.214338
Wed Mar 09 21:46:39 2011: updateBody x 4.876743
Wed Mar 09 21:46:39 2011: updateBody y 5.000000
Wed Mar 09 21:46:39 2011: updateBody z -0.214338
Wed Mar 09 21:46:39 2011: Client 1: read CMD_KEY (13)
Wed Mar 09 21:46:39 2011: updateBody x 5.243875
Wed Mar 09 21:46:39 2011: updateBody y 5.000000
Wed Mar 09 21:46:39 2011: updateBody z -0.285701
Wed Mar 09 21:46:39 2011: Client 1: read CMD_KEY (9)
Wed Mar 09 21:46:39 2011: updateBody x 5.576037
Wed Mar 09 21:46:39 2011: updateBody y 5.000000
Wed Mar 09 21:46:39 2011: updateBody z -0.416543
Wed Mar 09 21:46:39 2011: Client 1: read CMD_KEY (1)
Wed Mar 09 21:46:39 2011: updateBody x 5.865938
Wed Mar 09 21:46:39 2011: updateBody y 5.000000
Wed Mar 09 21:46:39 2011: updateBody z -0.594195
Wed Mar 09 21:46:39 2011: updateBody x 6.120586
Wed Mar 09 21:46:39 2011: updateBody y 5.000000
Wed Mar 09 21:46:39 2011: updateBody z -0.819488
Wed Mar 09 21:46:39 2011: updateBody x 6.340381
Wed Mar 09 21:46:39 2011: updateBody y 5.000000
Wed Mar 09 21:46:39 2011: updateBody z -1.100811
Wed Mar 09 21:46:39 2011: updateBody x 6.482695
Wed Mar 09 21:46:39 2011: updateBody y 5.000000
Wed Mar 09 21:46:39 2011: updateBody z -1.352347
Wed Mar 09 21:46:39 2011: updateBody x 6.593170
Wed Mar 09 21:46:39 2011: updateBody y 5.000000
Wed Mar 09 21:46:39 2011: updateBody z -1.655872
Wed Mar 09 21:46:39 2011: updateBody x 6.651560
Wed Mar 09 21:46:39 2011: updateBody y 5.000000
Wed Mar 09 21:46:39 2011: updateBody z -1.956254
Wed Mar 09 21:46:39 2011: Client 1: read CMD_KEY (5)
Wed Mar 09 21:46:39 2011: updateBody x 6.662242
Wed Mar 09 21:46:39 2011: updateBody y 5.000000
Wed Mar 09 21:46:39 2011: updateBody z -2.262072
Wed Mar 09 21:46:39 2011: Client 1: read CMD_KEY (4)
Wed Mar 09 21:46:39 2011: updateBody x 6.614925
Wed Mar 09 21:46:39 2011: updateBody y 5.000000
Wed Mar 09 21:46:39 2011: updateBody z -2.598769
Wed Mar 09 21:46:39 2011: updateBody x 6.517798
Wed Mar 09 21:46:39 2011: updateBody y 5.000000
Wed Mar 09 21:46:39 2011: updateBody z -2.906826
Wed Mar 09 21:46:39 2011: updateBody x 6.391110
Wed Mar 09 21:46:39 2011: updateBody y 5.000000
Wed Mar 09 21:46:39 2011: updateBody z -3.166582
Wed Mar 09 21:46:39 2011: updateBody x 6.215596
Wed Mar 09 21:46:39 2011: updateBody y 5.000000
Wed Mar 09 21:46:39 2011: updateBody z -3.417249
Wed Mar 09 21:46:39 2011: updateBody x 5.989202
Wed Mar 09 21:46:39 2011: updateBody y 5.000000
Wed Mar 09 21:46:39 2011: updateBody z -3.647635
Wed Mar 09 21:46:39 2011: updateBody x 5.321397
Wed Mar 09 21:46:39 2011: updateBody y 5.000000
Wed Mar 09 21:46:39 2011: updateBody z -3.944973
Wed Mar 09 21:46:39 2011: Client 1: read CMD_KEY (0)
Wed Mar 09 21:46:39 2011: Client 1: read CMD_KEY (8)
Wed Mar 09 21:46:39 2011: updateBody x 4.904667
Wed Mar 09 21:46:39 2011: updateBody y 5.000000
Wed Mar 09 21:46:39 2011: updateBody z -4.294660
Wed Mar 09 21:46:39 2011: Client 1: read CMD_KEY (10)
Wed Mar 09 21:46:39 2011: updateBody x 4.493890
Wed Mar 09 21:46:39 2011: updateBody y 5.000000
Wed Mar 09 21:46:39 2011: updateBody z -4.499474
Wed Mar 09 21:46:39 2011: updateBody x 4.167890
Wed Mar 09 21:46:39 2011: updateBody y 5.000000
Wed Mar 09 21:46:39 2011: updateBody z -4.596045
Wed Mar 09 21:46:39 2011: updateBody x 3.847295
Wed Mar 09 21:46:39 2011: updateBody y 5.000000
Wed Mar 09 21:46:39 2011: updateBody z -4.635414
Wed Mar 09 21:46:39 2011: updateBody x 3.524599
Wed Mar 09 21:46:39 2011: updateBody y 5.000000
Wed Mar 09 21:46:39 2011: updateBody z -4.621330
Wed Mar 09 21:46:39 2011: updateBody x 3.160929
Wed Mar 09 21:46:39 2011: updateBody y 5.000000
Wed Mar 09 21:46:39 2011: updateBody z -4.534027
Wed Mar 09 21:46:39 2011: Client 1: read CMD_KEY (2)
Wed Mar 09 21:46:39 2011: updateBody x 2.892969
Wed Mar 09 21:46:39 2011: updateBody y 5.000000
Wed Mar 09 21:46:39 2011: updateBody z -4.425769
Wed Mar 09 21:46:39 2011: updateBody x 2.617563
Wed Mar 09 21:46:39 2011: updateBody y 5.000000
Wed Mar 09 21:46:39 2011: updateBody z -4.257006
Wed Mar 09 21:46:39 2011: updateBody x 2.373788
Wed Mar 09 21:46:39 2011: updateBody y 5.000000
Wed Mar 09 21:46:39 2011: updateBody z -4.045102
Wed Mar 09 21:46:39 2011: updateBody x 2.168331
Wed Mar 09 21:46:39 2011: updateBody y 5.000000
Wed Mar 09 21:46:39 2011: updateBody z -3.795869
Wed Mar 09 21:46:39 2011: Client 1: read CMD_KEY (6)
Wed Mar 09 21:46:39 2