08:40:04: Creating resource group General
08:40:04: Creating resource group Internal
08:40:04: Creating resource group Autodetect
08:40:04: SceneManagerFactory for type 'DefaultSceneManager' registered.
08:40:04: Registering ResourceManager for type Material
08:40:05: Registering ResourceManager for type Mesh
08:40:05: Registering ResourceManager for type Skeleton
08:40:05: MovableObjectFactory for type 'ParticleSystem' registered.
08:40:05: OverlayElementFactory for type Panel registered.
08:40:05: OverlayElementFactory for type BorderPanel registered.
08:40:05: OverlayElementFactory for type TextArea registered.
08:40:05: Registering ResourceManager for type Font
08:40:05: ArchiveFactory for archive type FileSystem registered.
08:40:05: ArchiveFactory for archive type Zip registered.
08:40:05: DDS codec registering
08:40:05: FreeImage version: 3.13.1
08:40:05: This program uses FreeImage, a free, open source image library supporting all common bitmap formats. See http://freeimage.sourceforge.net for details
08:40:05: Supported formats: bmp,ico,jpg,jif,jpeg,jpe,jng,koa,iff,lbm,mng,pbm,pbm,pcd,pcx,pgm,pgm,png,ppm,ppm,ras,tga,targa,tif,tiff,wap,wbmp,wbm,psd,cut,xbm,xpm,gif,hdr,g3,sgi,exr,j2k,j2c,jp2,pfm,pct,pict,pic,bay,bmq,cr2,crw,cs1,dc2,dcr,dng,erf,fff,hdr,k25,kdc,mdc,mos,mrw,nef,orf,pef,pxn,raf,raw,rdc,sr2,srf,arw,3fr,cine,ia,kc2,mef,nrw,qtk,rw2,sti,drf,dsc,ptx,cap,iiq,rwz
08:40:05: Registering ResourceManager for type HighLevelGpuProgram
08:40:05: Registering ResourceManager for type Compositor
08:40:05: MovableObjectFactory for type 'Entity' registered.
08:40:05: MovableObjectFactory for type 'Light' registered.
08:40:05: MovableObjectFactory for type 'BillboardSet' registered.
08:40:05: MovableObjectFactory for type 'ManualObject' registered.
08:40:05: MovableObjectFactory for type 'BillboardChain' registered.
08:40:05: MovableObjectFactory for type 'RibbonTrail' registered.
08:40:06: Loading library .\RenderSystem_Direct3D9_d
08:40:07: Installing plugin: D3D9 RenderSystem
08:40:07: D3D9 : Direct3D9 Rendering Subsystem created.
08:40:07: D3D9: Driver Detection Starts
08:40:07: D3D9: Driver Detection Ends
08:40:07: Plugin successfully installed
08:40:07: Loading library .\RenderSystem_GL_d
08:40:08: Installing plugin: GL RenderSystem
08:40:08: OpenGL Rendering Subsystem created.
08:40:09: Plugin successfully installed
08:40:09: Loading library .\Plugin_ParticleFX_d
08:40:09: Installing plugin: ParticleFX
08:40:09: Particle Emitter Type 'Point' registered
08:40:09: Particle Emitter Type 'Box' registered
08:40:09: Particle Emitter Type 'Ellipsoid' registered
08:40:09: Particle Emitter Type 'Cylinder' registered
08:40:09: Particle Emitter Type 'Ring' registered
08:40:09: Particle Emitter Type 'HollowEllipsoid' registered
08:40:09: Particle Affector Type 'LinearForce' registered
08:40:09: Particle Affector Type 'ColourFader' registered
08:40:09: Particle Affector Type 'ColourFader2' registered
08:40:09: Particle Affector Type 'ColourImage' registered
08:40:09: Particle Affector Type 'ColourInterpolator' registered
08:40:09: Particle Affector Type 'Scaler' registered
08:40:09: Particle Affector Type 'Rotator' registered
08:40:09: Particle Affector Type 'DirectionRandomiser' registered
08:40:09: Particle Affector Type 'DeflectorPlane' registered
08:40:09: Plugin successfully installed
08:40:09: Loading library .\Plugin_BSPSceneManager_d
08:40:10: Installing plugin: BSP Scene Manager
08:40:10: Plugin successfully installed
08:40:10: Loading library .\Plugin_CgProgramManager_d
08:40:10: Installing plugin: Cg Program Manager
08:40:10: Plugin successfully installed
08:40:10: Loading library .\Plugin_PCZSceneManager_d
08:40:11: Installing plugin: Portal Connected Zone Scene Manager
08:40:11: PCZone Factory Type 'ZoneType_Default' registered
08:40:11: Plugin successfully installed
08:40:11: Loading library .\Plugin_OctreeZone_d
08:40:11: Installing plugin: Octree Zone Factory
08:40:11: Plugin successfully installed
08:40:11: Loading library .\Plugin_OctreeSceneManager_d
08:40:11: Installing plugin: Octree & Terrain Scene Manager
08:40:11: Plugin successfully installed
08:40:11: *-*-* OGRE Initialising
08:40:11: *-*-* Version 1.7.1 (Cthugha)
08:40:11: Creating resource group Essential
08:40:11: Added resource location '../../media/thumbnails' of type 'FileSystem' to resource group 'Essential'
08:40:11: Added resource location '../../media/packs/SdkTrays.zip' of type 'Zip' to resource group 'Essential'
08:40:11: Added resource location '../../media' of type 'FileSystem' to resource group 'General'
08:40:11: Creating resource group Popular
08:40:11: Added resource location '../../media/fonts' of type 'FileSystem' to resource group 'Popular'
08:40:12: Added resource location '../../media/materials/programs' of type 'FileSystem' to resource group 'Popular'
08:40:12: Added resource location '../../media/materials/scripts' of type 'FileSystem' to resource group 'Popular'
08:40:12: Added resource location '../../media/materials/textures' of type 'FileSystem' to resource group 'Popular'
08:40:12: Added resource location '../../media/materials/textures/nvidia' of type 'FileSystem' to resource group 'Popular'
08:40:12: Added resource location '../../media/models' of type 'FileSystem' to resource group 'Popular'
08:40:12: Added resource location '../../media/particle' of type 'FileSystem' to resource group 'Popular'
08:40:12: Added resource location '../../media/DeferredShadingMedia' of type 'FileSystem' to resource group 'Popular'
08:40:12: Added resource location '../../media/PCZAppMedia' of type 'FileSystem' to resource group 'Popular'
08:40:12: Added resource location '../../media/RTShaderLib' of type 'FileSystem' to resource group 'Popular'
08:40:12: Added resource location '../../media/RTShaderLib/materials' of type 'FileSystem' to resource group 'Popular'
08:40:12: Added resource location '../../media/packs/cubemap.zip' of type 'Zip' to resource group 'Popular'
08:40:12: Added resource location '../../media/packs/cubemapsJS.zip' of type 'Zip' to resource group 'Popular'
08:40:12: Added resource location '../../media/packs/dragon.zip' of type 'Zip' to resource group 'Popular'
08:40:12: Added resource location '../../media/packs/fresneldemo.zip' of type 'Zip' to resource group 'Popular'
08:40:12: Added resource location '../../media/packs/ogretestmap.zip' of type 'Zip' to resource group 'Popular'
08:40:12: Added resource location '../../media/packs/ogredance.zip' of type 'Zip' to resource group 'Popular'
08:40:12: Added resource location '../../media/packs/Sinbad.zip' of type 'Zip' to resource group 'Popular'
08:40:12: Added resource location '../../media/packs/skybox.zip' of type 'Zip' to resource group 'Popular'
08:40:12: D3D9 : RenderSystem Option: Allow NVPerfHUD = No
08:40:12: D3D9 : RenderSystem Option: FSAA = 0
08:40:12: D3D9 : RenderSystem Option: Floating-point mode = Fastest
08:40:12: D3D9 : RenderSystem Option: Full Screen = No
08:40:12: D3D9 : RenderSystem Option: Rendering Device = Monitor-1-RADEON X600 256MB HyperMemory
08:40:12: D3D9 : RenderSystem Option: Resource Creation Policy = Create on all devices
08:40:12: D3D9 : RenderSystem Option: VSync = No
08:40:12: D3D9 : RenderSystem Option: VSync Interval = 1
08:40:12: D3D9 : RenderSystem Option: Video Mode = 800 x 600 @ 32-bit colour
08:40:12: D3D9 : RenderSystem Option: sRGB Gamma Conversion = No
08:40:14: CPU Identifier & Features
08:40:14: -------------------------
08:40:14:  *   CPU ID: GenuineIntel: Intel(R) Pentium(R) 4 CPU 3.00GHz
08:40:14:  *      SSE: yes
08:40:14:  *     SSE2: yes
08:40:14:  *     SSE3: yes
08:40:14:  *      MMX: yes
08:40:14:  *   MMXEXT: yes
08:40:14:  *    3DNOW: no
08:40:14:  * 3DNOWEXT: no
08:40:14:  *     CMOV: yes
08:40:14:  *      TSC: yes
08:40:14:  *      FPU: yes
08:40:14:  *      PRO: yes
08:40:14:  *       HT: yes
08:40:14: -------------------------
08:40:14: D3D9 : Subsystem Initialising
08:40:14: Registering ResourceManager for type Texture
08:40:14: Registering ResourceManager for type GpuProgram
08:40:14: D3D9RenderSystem::_createRenderWindow "Tutorial4 Render Window", 800x600 windowed  miscParams: FSAA=0 FSAAHint= colourDepth=32 gamma=false monitorIndex=0 useNVPerfHUD=false vsync=false vsyncInterval=1 
08:40:14: D3D9 : Created D3D9 Rendering Window 'Tutorial4 Render Window' : 800x600, 32bpp
08:40:14: D3D9 : WARNING - disabling VSync in windowed mode can cause timing issues at lower frame rates, turn VSync on if you observe this problem.
08:40:14: RenderSystem capabilities
08:40:14: -------------------------
08:40:14: RenderSystem Name: Direct3D9 Rendering Subsystem
08:40:14: GPU Vendor: ati
08:40:14: Device Name: Monitor-1-RADEON X600 256MB HyperMemory
08:40:14: Driver Version: 6.14.10.6601
08:40:14:  * Fixed function pipeline: yes
08:40:14:  * Hardware generation of mipmaps: yes
08:40:14:  * Texture blending: yes
08:40:14:  * Anisotropic texture filtering: yes
08:40:14:  * Dot product texture operation: yes
08:40:14:  * Cube mapping: yes
08:40:14:  * Hardware stencil buffer: yes
08:40:14:    - Stencil depth: 8
08:40:14:    - Two sided stencil support: yes
08:40:14:    - Wrap stencil values: yes
08:40:14:  * Hardware vertex / index buffers: yes
08:40:14:  * Vertex programs: yes
08:40:14:  * Number of floating-point constants for vertex programs: 256
08:40:14:  * Number of integer constants for vertex programs: 16
08:40:14:  * Number of boolean constants for vertex programs: 16
08:40:14:  * Fragment programs: yes
08:40:14:  * Number of floating-point constants for fragment programs: 32
08:40:14:  * Number of integer constants for fragment programs: 16
08:40:14:  * Number of boolean constants for fragment programs: 16
08:40:14:  * Geometry programs: no
08:40:14:  * Number of floating-point constants for geometry programs: 52428
08:40:14:  * Number of integer constants for geometry programs: 52428
08:40:14:  * Number of boolean constants for geometry programs: 52428
08:40:14:  * Supported Shader Profiles: hlsl ps_1_1 ps_1_2 ps_1_3 ps_1_4 ps_2_0 vs_1_1 vs_2_0
08:40:14:  * Texture Compression: yes
08:40:14:    - DXT: yes
08:40:14:    - VTC: no
08:40:14:    - PVRTC: no
08:40:14:  * Scissor Rectangle: yes
08:40:14:  * Hardware Occlusion Query: yes
08:40:14:  * User clip planes: yes
08:40:14:  * VET_UBYTE4 vertex element type: yes
08:40:14:  * Infinite far plane projection: yes
08:40:14:  * Hardware render-to-texture: yes
08:40:14:  * Floating point textures: yes
08:40:14:  * Non-power-of-two textures: yes (limited)
08:40:14:  * Volume textures: yes
08:40:14:  * Multiple Render Targets: 4
08:40:14:    - With different bit depths: no
08:40:14:  * Point Sprites: yes
08:40:14:  * Extended point parameters: yes
08:40:14:  * Max Point Size: 10
08:40:14:  * Vertex texture fetch: no
08:40:14:  * Number of world matrices: 0
08:40:14:  * Number of texture units: 8
08:40:14:  * Stencil buffer depth: 8
08:40:14:  * Number of vertex blend matrices: 0
08:40:14:  * Render to Vertex Buffer : no
08:40:14:  * DirectX per stage constants: no
08:40:14: ***************************************
08:40:14: *** D3D9 : Subsystem Initialised OK ***
08:40:14: ***************************************
08:40:14: DefaultWorkQueue('Root') initialising on thread 00159DE8.
08:40:14: DefaultWorkQueue('Root')::WorkerFunc - thread 001DB930 starting.
08:40:14: DefaultWorkQueue('Root')::WorkerFunc - thread 001DBA90 starting.
08:40:14: Particle Renderer Type 'billboard' registered
08:40:14: SceneManagerFactory for type 'BspSceneManager' registered.
08:40:14: Registering ResourceManager for type BspLevel
08:40:14: SceneManagerFactory for type 'PCZSceneManager' registered.
08:40:14: MovableObjectFactory for type 'PCZLight' registered.
08:40:14: MovableObjectFactory for type 'Portal' registered.
08:40:14: MovableObjectFactory for type 'AntiPortal' registered.
08:40:14: PCZone Factory Type 'ZoneType_Octree' registered
08:40:14: PCZone Factory Type 'ZoneType_Terrain' registered
08:40:14: SceneManagerFactory for type 'OctreeSceneManager' registered.
08:40:14: SceneManagerFactory for type 'TerrainSceneManager' registered.
08:40:14: Parsing scripts for resource group Autodetect
08:40:14: Finished parsing scripts for resource group Autodetect
08:40:14: Parsing scripts for resource group Essential
08:40:14: Parsing script SdkTrays.material
08:40:14: Parsing script SdkTrays.fontdef
08:40:14: Parsing script SdkTrays.overlay
08:40:14: Bad element attribute line: '# you can offset the image to change the cursor "hotspot"' for element SdkTrays/Cursor in overlay 
08:40:14: Texture: sdk_cursor.png: Loading 1 faces(PF_A8R8G8B8,32x32x1) with  hardware generated mipmaps from Image. Internal format is PF_A8R8G8B8,32x32x1.
08:40:14: Texture: sdk_tray.png: Loading 1 faces(PF_A8R8G8B8,64x64x1) with  hardware generated mipmaps from Image. Internal format is PF_A8R8G8B8,64x64x1.
08:40:14: Texture: sdk_button_up.png: Loading 1 faces(PF_A8R8G8B8,128x32x1) with  hardware generated mipmaps from Image. Internal format is PF_A8R8G8B8,128x32x1.
08:40:14: Texture: sdk_text_box.png: Loading 1 faces(PF_A8R8G8B8,32x32x1) with  hardware generated mipmaps from Image. Internal format is PF_A8R8G8B8,32x32x1.
08:40:14: Texture: sdk_mini_tray.png: Loading 1 faces(PF_A8R8G8B8,32x32x1) with  hardware generated mipmaps from Image. Internal format is PF_A8R8G8B8,32x32x1.
08:40:14: Texture: sdk_track.png: Loading 1 faces(PF_A8R8G8B8,16x32x1) with  hardware generated mipmaps from Image. Internal format is PF_A8R8G8B8,16x32x1.
08:40:14: Texture: sdk_handle.png: Loading 1 faces(PF_A8R8G8B8,16x16x1) with  hardware generated mipmaps from Image. Internal format is PF_A8R8G8B8,16x16x1.
08:40:14: Texture: sdk_mini_text_box.png: Loading 1 faces(PF_A8R8G8B8,32x32x1) with  hardware generated mipmaps from Image. Internal format is PF_A8R8G8B8,32x32x1.
08:40:15: Texture: sdk_label.png: Loading 1 faces(PF_A8R8G8B8,32x32x1) with  hardware generated mipmaps from Image. Internal format is PF_A8R8G8B8,32x32x1.
08:40:15: Texture: sdk_separator.png: Loading 1 faces(PF_A8R8G8B8,64x16x1) with  hardware generated mipmaps from Image. Internal format is PF_A8R8G8B8,64x16x1.
08:40:15: Texture: sdk_logo.png: Loading 1 faces(PF_A8R8G8B8,128x64x1) with  hardware generated mipmaps from Image. Internal format is PF_A8R8G8B8,128x64x1.
08:40:15: D3D9 : ***** Dimensions altered by the render system
08:40:15: D3D9 : ***** Source image dimensions : 64x48
08:40:15: D3D9 : ***** Texture dimensions : 64x64
08:40:15: Texture: sdk_shade.png: Loading 1 faces(PF_A8R8G8B8,64x48x1) with 5 generated mipmaps from Image. Internal format is PF_A8R8G8B8,64x64x1.
08:40:15: Texture: sdk_frame.png: Loading 1 faces(PF_A8R8G8B8,32x32x1) with  hardware generated mipmaps from Image. Internal format is PF_A8R8G8B8,32x32x1.
08:40:15: Texture: sdk_mini_text_box_over.png: Loading 1 faces(PF_A8R8G8B8,32x32x1) with  hardware generated mipmaps from Image. Internal format is PF_A8R8G8B8,32x32x1.
08:40:15: Texture: sdk_pulse.png: Loading 1 faces(PF_R8G8B8,8x1x1) with  hardware generated mipmaps from Image. Internal format is PF_X8R8G8B8,8x1x1.
08:40:15: Finished parsing scripts for resource group Essential
08:40:15: Parsing scripts for resource group General
08:40:15: Finished parsing scripts for resource group General
08:40:15: Parsing scripts for resource group Internal
08:40:15: Finished parsing scripts for resource group Internal
08:40:15: Parsing scripts for resource group Popular
08:40:15: Parsing script Examples.program
08:40:15: Parsing script StdQuad_vp.program
08:40:16: Parsing script deferred_post.program
08:40:16: Parsing script ShadowCaster.program
08:40:16: Parsing script ASCII.material
08:40:16: Parsing script ASMSwizzle.material
08:40:16: Compiler error: object unsupported by render system in ASMSwizzle.material(1)
08:40:16: Parsing script BlackAndWhite.material
08:40:16: Parsing script Bloom.material
08:40:16: Parsing script Bloom2.material
08:40:17: Parsing script CGSwizzle.material
08:40:17: Parsing script CompositorDemo.material
08:40:17: Parsing script DepthShadowmap.material
08:40:18: Parsing script Dither.material
08:40:18: Parsing script DOF.material
08:40:18: Parsing script Embossed.material
08:40:18: Parsing script Example-Water.material
08:40:18: Parsing script Examples-Advanced.material
08:40:19: Parsing script Examples-DynTex.material
08:40:19: Parsing script Examples-Water.material
08:40:19: Parsing script Examples.material
08:40:19: OGRE EXCEPTION(2:InvalidParametersException): Parameter called camObjPos does not exist.  in GpuProgramParameters::_findNamedConstantDefinition at ..\..\..\..\OgreMain\src\OgreGpuProgramParams.cpp (line 1433)
08:40:19: Compiler error: invalid parameters in Examples.material(837): setting of constant failed
08:40:20: Parsing script facial.material
08:40:20: Parsing script Glass.material
08:40:20: Parsing script GLSLSwizzle.material
08:40:20: Parsing script Halftone.material
08:40:20: Parsing script hdr.material
08:40:21: Parsing script HeatVision.material
08:40:21: Parsing script Hurt.material
08:40:21: Parsing script instancing.material
08:40:21: Parsing script Invert.material
08:40:21: Parsing script IsoSurf.material
08:40:21: Parsing script Laplace.material
08:40:21: Parsing script MotionBlur.material
08:40:21: Parsing script MRTtest.material
08:40:21: Parsing script NightVision.material
08:40:22: Parsing script Ocean.material
08:40:22: Parsing script OffsetMapping.material
08:40:23: Parsing script Ogre.material
08:40:23: Parsing script OldMovie.material
08:40:23: Parsing script OldTV.material
08:40:23: Parsing script ParticleGS.material
08:40:23: OGRE EXCEPTION(7:InternalErrorException): Unable to compile Cg program Ogre/ParticleGS/GenerateVS: CG ERROR : "The compile returned an error."
(0) : error C6015: Output 'POSITION' not completely written
 in CgProgram::loadFromSource at ..\..\..\..\..\PlugIns\CgProgramManager\src\OgreCgProgramManagerDll.cpp (line 67)
08:40:23: High-level program Ogre/ParticleGS/GenerateVS encountered an error during loading and is thus not supported.
OGRE EXCEPTION(7:InternalErrorException): Unable to compile Cg program Ogre/ParticleGS/GenerateVS: CG ERROR : "The compile returned an error."
(0) : error C6015: Output 'POSITION' not completely written
 in CgProgram::loadFromSource at ..\..\..\..\..\PlugIns\CgProgramManager\src\OgreCgProgramManagerDll.cpp (line 67)
08:40:23: OGRE EXCEPTION(7:InternalErrorException): Unable to compile Cg program Ogre/ParticleGS/DisplayVS: CG ERROR : "The compile returned an error."
(249) : warning C7050: "output.color" might be used before being initialized
(0) : error C6015: Output 'POSITION' not completely written
 in CgProgram::loadFromSource at ..\..\..\..\..\PlugIns\CgProgramManager\src\OgreCgProgramManagerDll.cpp (line 67)
08:40:23: High-level program Ogre/ParticleGS/DisplayVS encountered an error during loading and is thus not supported.
OGRE EXCEPTION(7:InternalErrorException): Unable to compile Cg program Ogre/ParticleGS/DisplayVS: CG ERROR : "The compile returned an error."
(249) : warning C7050: "output.color" might be used before being initialized
(0) : error C6015: Output 'POSITION' not completely written
 in CgProgram::loadFromSource at ..\..\..\..\..\PlugIns\CgProgramManager\src\OgreCgProgramManagerDll.cpp (line 67)
08:40:23: OGRE EXCEPTION(7:InternalErrorException): Unable to compile Cg program Ogre/ParticleGS/DisplayPS: CG ERROR : "The compile returned an error."
(323) : fatal error C9999: unexpected cast operation
 in CgProgram::loadFromSource at ..\..\..\..\..\PlugIns\CgProgramManager\src\OgreCgProgramManagerDll.cpp (line 67)
08:40:23: High-level program Ogre/ParticleGS/DisplayPS encountered an error during loading and is thus not supported.
OGRE EXCEPTION(7:InternalErrorException): Unable to compile Cg program Ogre/ParticleGS/DisplayPS: CG ERROR : "The compile returned an error."
(323) : fatal error C9999: unexpected cast operation
 in CgProgram::loadFromSource at ..\..\..\..\..\PlugIns\CgProgramManager\src\OgreCgProgramManagerDll.cpp (line 67)
08:40:23: Parsing script Penguin.material
08:40:23: Parsing script Posterize.material
08:40:23: Parsing script pssm.material
08:40:23: Parsing script RadialBlur.material
08:40:23: Parsing script RZR-002.material
08:40:23: Parsing script ShaderSystem.material
08:40:23: Parsing script shadows.material
08:40:24: Parsing script SharpenEdges.material
08:40:24: Parsing script sibenik.material
08:40:24: Parsing script smoke.material
08:40:24: Parsing script Tiling.material
08:40:24: Parsing script VarianceShadowmap.material
08:40:24: Parsing script deferreddemo.material
08:40:24: Parsing script deferred_post.material
08:40:24: Parsing script deferred_post_minilight.material
08:40:24: Parsing script ShadowCaster.material
08:40:24: Parsing script ssao.material
08:40:24: Parsing script ROOM.material
08:40:24: Parsing script RTShaderSystem.material
08:40:24: Compiler error: unknown error in RTShaderSystem.material(23): token "rtshader_system" is not recognized
08:40:24: Compiler error: unknown error in RTShaderSystem.material(52): token "rtshader_system" is not recognized
08:40:24: Compiler error: unknown error in RTShaderSystem.material(81): token "rtshader_system" is not recognized
08:40:24: Compiler error: unknown error in RTShaderSystem.material(110): token "rtshader_system" is not recognized
08:40:24: Compiler error: unknown error in RTShaderSystem.material(146): token "rtshader_system" is not recognized
08:40:24: Compiler error: unknown error in RTShaderSystem.material(81): token "rtshader_system" is not recognized
08:40:24: Compiler error: unknown error in RTShaderSystem.material(162): token "rtshader_system" is not recognized
08:40:24: Compiler error: unknown error in RTShaderSystem.material(81): token "rtshader_system" is not recognized
08:40:24: Compiler error: unknown error in RTShaderSystem.material(110): token "rtshader_system" is not recognized
08:40:24: Parsing script RomanBath.material
08:40:24: Parsing script Sinbad.material
08:40:24: Parsing script emitted_emitter.particle
08:40:24: Parsing script Examples-Water.particle
08:40:25: Parsing script Examples.particle
08:40:25: Parsing script smoke.particle
08:40:25: Parsing script Examples.compositor
08:40:25: Parsing script deferred.compositor
08:40:25: Parsing script ssao.compositor
08:40:25: Parsing script sample.fontdef
08:40:25: Finished parsing scripts for resource group Popular
08:40:25: *** Initializing OIS ***
08:40:26: Font SdkTrays/Captionusing texture size 512x256
08:40:26: Info: Freetype returned null for character 160 in font SdkTrays/Caption
08:40:26: Texture: SdkTrays/CaptionTexture: Loading 1 faces(PF_BYTE_LA,512x256x1) with 0 generated mipmaps from Image. Internal format is PF_BYTE_LA,512x256x1.
08:40:26: Font SdkTrays/Valueusing texture size 512x512
08:40:26: Info: Freetype returned null for character 127 in font SdkTrays/Value
08:40:26: Info: Freetype returned null for character 128 in font SdkTrays/Value
08:40:26: Info: Freetype returned null for character 129 in font SdkTrays/Value
08:40:26: Info: Freetype returned null for character 130 in font SdkTrays/Value
08:40:26: Info: Freetype returned null for character 131 in font SdkTrays/Value
08:40:26: Info: Freetype returned null for character 132 in font SdkTrays/Value
08:40:26: Info: Freetype returned null for character 133 in font SdkTrays/Value
08:40:26: Info: Freetype returned null for character 134 in font SdkTrays/Value
08:40:26: Info: Freetype returned null for character 135 in font SdkTrays/Value
08:40:26: Info: Freetype returned null for character 136 in font SdkTrays/Value
08:40:26: Info: Freetype returned null for character 137 in font SdkTrays/Value
08:40:26: Info: Freetype returned null for character 138 in font SdkTrays/Value
08:40:26: Info: Freetype returned null for character 139 in font SdkTrays/Value
08:40:26: Info: Freetype returned null for character 140 in font SdkTrays/Value
08:40:26: Info: Freetype returned null for character 141 in font SdkTrays/Value
08:40:26: Info: Freetype returned null for character 142 in font SdkTrays/Value
08:40:26: Info: Freetype returned null for character 143 in font SdkTrays/Value
08:40:26: Info: Freetype returned null for character 144 in font SdkTrays/Value
08:40:26: Info: Freetype returned null for character 145 in font SdkTrays/Value
08:40:26: Info: Freetype returned null for character 146 in font SdkTrays/Value
08:40:26: Info: Freetype returned null for character 147 in font SdkTrays/Value
08:40:26: Info: Freetype returned null for character 148 in font SdkTrays/Value
08:40:26: Info: Freetype returned null for character 149 in font SdkTrays/Value
08:40:26: Info: Freetype returned null for character 150 in font SdkTrays/Value
08:40:26: Info: Freetype returned null for character 151 in font SdkTrays/Value
08:40:26: Info: Freetype returned null for character 152 in font SdkTrays/Value
08:40:26: Info: Freetype returned null for character 153 in font SdkTrays/Value
08:40:26: Info: Freetype returned null for character 154 in font SdkTrays/Value
08:40:26: Info: Freetype returned null for character 155 in font SdkTrays/Value
08:40:26: Info: Freetype returned null for character 156 in font SdkTrays/Value
08:40:26: Info: Freetype returned null for character 157 in font SdkTrays/Value
08:40:26: Info: Freetype returned null for character 158 in font SdkTrays/Value
08:40:26: Info: Freetype returned null for character 159 in font SdkTrays/Value
08:40:26: Info: Freetype returned null for character 160 in font SdkTrays/Value
08:40:26: Texture: SdkTrays/ValueTexture: Loading 1 faces(PF_BYTE_LA,512x512x1) with 0 generated mipmaps from Image. Internal format is PF_BYTE_LA,512x512x1.
08:40:26: Mesh: Loading Sinbad.mesh.
08:40:26: Skeleton: Loading Sinbad.skeleton
08:40:26: WARNING: Sinbad.mesh is an older format ([MeshSerializer_v1.40]); you should upgrade it as soon as possible using the OgreMeshUpgrade tool.
08:40:26: Texture: sinbad_body.tga: Loading 1 faces(PF_R8G8B8,512x512x1) with  hardware generated mipmaps from Image. Internal format is PF_X8R8G8B8,512x512x1.
08:40:27: Texture: sinbad_clothes.tga: Loading 1 faces(PF_R8G8B8,512x512x1) with  hardware generated mipmaps from Image. Internal format is PF_X8R8G8B8,512x512x1.
08:40:27: Texture: sinbad_sword.tga: Loading 1 faces(PF_R8G8B8,256x256x1) with  hardware generated mipmaps from Image. Internal format is PF_X8R8G8B8,256x256x1.
08:40:27: WARNING: the mesh 'Sinbad.mesh' includes vertices with more than 4 bone assignments. The lowest weighted assignments beyond this limit have been removed, so your animation may look slightly different. To eliminate this, reduce the number of bone assignments per vertex on your mesh to 4.
08:40:27: Mesh: Loading Sword.mesh.
08:40:27: WARNING: Sword.mesh is an older format ([MeshSerializer_v1.40]); you should upgrade it as soon as possible using the OgreMeshUpgrade tool.
08:40:27: Texture: ribbonband.png: Loading 1 faces(PF_R8G8B8,128x1x1) with  hardware generated mipmaps from Image. Internal format is PF_X8R8G8B8,128x1x1.
