13:04:04: Creating resource group General
13:04:04: Creating resource group Internal
13:04:04: Creating resource group Autodetect
13:04:04: SceneManagerFactory for type 'DefaultSceneManager' registered.
13:04:04: Registering ResourceManager for type Material
13:04:04: Registering ResourceManager for type Mesh
13:04:04: Registering ResourceManager for type Skeleton
13:04:04: MovableObjectFactory for type 'ParticleSystem' registered.
13:04:04: OverlayElementFactory for type Panel registered.
13:04:04: OverlayElementFactory for type BorderPanel registered.
13:04:04: OverlayElementFactory for type TextArea registered.
13:04:04: Registering ResourceManager for type Font
13:04:04: ArchiveFactory for archive type FileSystem registered.
13:04:04: ArchiveFactory for archive type Zip registered.
13:04:04: DDS codec registering
13:04:04: FreeImage version: 3.13.1
13:04:04: This program uses FreeImage, a free, open source image library supporting all common bitmap formats. See http://freeimage.sourceforge.net for details
13:04:04: Supported formats: bmp,ico,jpg,jif,jpeg,jpe,jng,koa,iff,lbm,mng,pbm,pbm,pcd,pcx,pgm,pgm,png,ppm,ppm,ras,tga,targa,tif,tiff,wap,wbmp,wbm,psd,cut,xbm,xpm,gif,hdr,g3,sgi,exr,j2k,j2c,jp2,pfm,pct,pict,pic,bay,bmq,cr2,crw,cs1,dc2,dcr,dng,erf,fff,hdr,k25,kdc,mdc,mos,mrw,nef,orf,pef,pxn,raf,raw,rdc,sr2,srf,arw,3fr,cine,ia,kc2,mef,nrw,qtk,rw2,sti,drf,dsc,ptx,cap,iiq,rwz
13:04:04: Registering ResourceManager for type HighLevelGpuProgram
13:04:04: Registering ResourceManager for type Compositor
13:04:04: MovableObjectFactory for type 'Entity' registered.
13:04:04: MovableObjectFactory for type 'Light' registered.
13:04:04: MovableObjectFactory for type 'BillboardSet' registered.
13:04:04: MovableObjectFactory for type 'ManualObject' registered.
13:04:04: MovableObjectFactory for type 'BillboardChain' registered.
13:04:04: MovableObjectFactory for type 'RibbonTrail' registered.
13:04:04: Loading library .\RenderSystem_Direct3D9
13:04:05: Installing plugin: D3D9 RenderSystem
13:04:05: D3D9 : Direct3D9 Rendering Subsystem created.
13:04:05: D3D9: Driver Detection Starts
13:04:05: D3D9: Driver Detection Ends
13:04:05: Plugin successfully installed
13:04:05: Loading library .\RenderSystem_GL
13:04:06: Installing plugin: GL RenderSystem
13:04:06: OpenGL Rendering Subsystem created.
13:04:06: Plugin successfully installed
13:04:06: Loading library .\Plugin_ParticleFX
13:04:07: Installing plugin: ParticleFX
13:04:07: Particle Emitter Type 'Point' registered
13:04:07: Particle Emitter Type 'Box' registered
13:04:07: Particle Emitter Type 'Ellipsoid' registered
13:04:07: Particle Emitter Type 'Cylinder' registered
13:04:07: Particle Emitter Type 'Ring' registered
13:04:07: Particle Emitter Type 'HollowEllipsoid' registered
13:04:07: Particle Affector Type 'LinearForce' registered
13:04:07: Particle Affector Type 'ColourFader' registered
13:04:07: Particle Affector Type 'ColourFader2' registered
13:04:07: Particle Affector Type 'ColourImage' registered
13:04:07: Particle Affector Type 'ColourInterpolator' registered
13:04:07: Particle Affector Type 'Scaler' registered
13:04:07: Particle Affector Type 'Rotator' registered
13:04:07: Particle Affector Type 'DirectionRandomiser' registered
13:04:07: Particle Affector Type 'DeflectorPlane' registered
13:04:07: Plugin successfully installed
13:04:07: Loading library .\Plugin_BSPSceneManager
13:04:07: Installing plugin: BSP Scene Manager
13:04:07: Plugin successfully installed
13:04:07: Loading library .\Plugin_CgProgramManager
13:04:07: Installing plugin: Cg Program Manager
13:04:07: Plugin successfully installed
13:04:07: Loading library .\Plugin_PCZSceneManager
13:04:07: Installing plugin: Portal Connected Zone Scene Manager
13:04:07: PCZone Factory Type 'ZoneType_Default' registered
13:04:07: Plugin successfully installed
13:04:07: Loading library .\Plugin_OctreeZone
13:04:07: Installing plugin: Octree Zone Factory
13:04:07: Plugin successfully installed
13:04:07: Loading library .\Plugin_OctreeSceneManager
13:04:07: Installing plugin: Octree & Terrain Scene Manager
13:04:07: Plugin successfully installed
13:04:07: *-*-* OGRE Initialising
13:04:07: *-*-* Version 1.7.1 (Cthugha)
13:04:07: Creating resource group Essential
13:04:07: Added resource location '../../media/thumbnails' of type 'FileSystem' to resource group 'Essential'
13:04:08: Added resource location '../../media/packs/SdkTrays.zip' of type 'Zip' to resource group 'Essential'
13:04:08: Added resource location '../../media' of type 'FileSystem' to resource group 'General'
13:04:08: Creating resource group Popular
13:04:08: Added resource location '../../media/fonts' of type 'FileSystem' to resource group 'Popular'
13:04:08: Added resource location '../../media/materials/programs' of type 'FileSystem' to resource group 'Popular'
13:04:08: Added resource location '../../media/materials/scripts' of type 'FileSystem' to resource group 'Popular'
13:04:08: Added resource location '../../media/materials/textures' of type 'FileSystem' to resource group 'Popular'
13:04:08: Added resource location '../../media/materials/textures/nvidia' of type 'FileSystem' to resource group 'Popular'
13:04:08: Added resource location '../../media/models' of type 'FileSystem' to resource group 'Popular'
13:04:08: Added resource location '../../media/particle' of type 'FileSystem' to resource group 'Popular'
13:04:08: Added resource location '../../media/DeferredShadingMedia' of type 'FileSystem' to resource group 'Popular'
13:04:08: Added resource location '../../media/PCZAppMedia' of type 'FileSystem' to resource group 'Popular'
13:04:08: Added resource location '../../media/RTShaderLib' of type 'FileSystem' to resource group 'Popular'
13:04:08: Added resource location '../../media/RTShaderLib/materials' of type 'FileSystem' to resource group 'Popular'
13:04:08: Added resource location '../../media/packs/cubemap.zip' of type 'Zip' to resource group 'Popular'
13:04:08: Added resource location '../../media/packs/cubemapsJS.zip' of type 'Zip' to resource group 'Popular'
13:04:08: Added resource location '../../media/packs/dragon.zip' of type 'Zip' to resource group 'Popular'
13:04:08: Added resource location '../../media/packs/fresneldemo.zip' of type 'Zip' to resource group 'Popular'
13:04:08: Added resource location '../../media/packs/ogretestmap.zip' of type 'Zip' to resource group 'Popular'
13:04:08: Added resource location '../../media/packs/ogredance.zip' of type 'Zip' to resource group 'Popular'
13:04:08: Added resource location '../../media/packs/Sinbad.zip' of type 'Zip' to resource group 'Popular'
13:04:08: Added resource location '../../media/packs/skybox.zip' of type 'Zip' to resource group 'Popular'
13:04:08: D3D9 : RenderSystem Option: Allow NVPerfHUD = No
13:04:08: D3D9 : RenderSystem Option: FSAA = 0
13:04:08: D3D9 : RenderSystem Option: Floating-point mode = Fastest
13:04:08: D3D9 : RenderSystem Option: Full Screen = No
13:04:08: D3D9 : RenderSystem Option: Rendering Device = Monitor-1-RADEON X600 256MB HyperMemory
13:04:08: D3D9 : RenderSystem Option: Resource Creation Policy = Create on all devices
13:04:08: D3D9 : RenderSystem Option: VSync = No
13:04:08: D3D9 : RenderSystem Option: VSync Interval = 1
13:04:08: D3D9 : RenderSystem Option: Video Mode = 800 x 600 @ 32-bit colour
13:04:08: D3D9 : RenderSystem Option: sRGB Gamma Conversion = No
13:04:10: CPU Identifier & Features
13:04:10: -------------------------
13:04:10:  *   CPU ID: GenuineIntel: Intel(R) Pentium(R) 4 CPU 3.00GHz
13:04:10:  *      SSE: yes
13:04:10:  *     SSE2: yes
13:04:10:  *     SSE3: yes
13:04:10:  *      MMX: yes
13:04:10:  *   MMXEXT: yes
13:04:10:  *    3DNOW: no
13:04:10:  * 3DNOWEXT: no
13:04:10:  *     CMOV: yes
13:04:10:  *      TSC: yes
13:04:10:  *      FPU: yes
13:04:10:  *      PRO: yes
13:04:10:  *       HT: yes
13:04:10: -------------------------
13:04:10: D3D9 : Subsystem Initialising
13:04:10: Registering ResourceManager for type Texture
13:04:10: Registering ResourceManager for type GpuProgram
13:04:10: D3D9RenderSystem::_createRenderWindow "Tutorial4 Render Window", 800x600 windowed  miscParams: FSAA=0 FSAAHint= colourDepth=32 gamma=false monitorIndex=0 useNVPerfHUD=false vsync=false vsyncInterval=1 
13:04:10: D3D9 : Created D3D9 Rendering Window 'Tutorial4 Render Window' : 800x600, 32bpp
13:04:10: D3D9 : WARNING - disabling VSync in windowed mode can cause timing issues at lower frame rates, turn VSync on if you observe this problem.
13:04:10: RenderSystem capabilities
13:04:10: -------------------------
13:04:10: RenderSystem Name: Direct3D9 Rendering Subsystem
13:04:10: GPU Vendor: ati
13:04:10: Device Name: Monitor-1-RADEON X600 256MB HyperMemory
13:04:10: Driver Version: 6.14.10.6601
13:04:10:  * Fixed function pipeline: yes
13:04:10:  * Hardware generation of mipmaps: yes
13:04:10:  * Texture blending: yes
13:04:10:  * Anisotropic texture filtering: yes
13:04:10:  * Dot product texture operation: yes
13:04:10:  * Cube mapping: yes
13:04:10:  * Hardware stencil buffer: yes
13:04:10:    - Stencil depth: 8
13:04:10:    - Two sided stencil support: yes
13:04:10:    - Wrap stencil values: yes
13:04:10:  * Hardware vertex / index buffers: yes
13:04:10:  * Vertex programs: yes
13:04:10:  * Number of floating-point constants for vertex programs: 256
13:04:10:  * Number of integer constants for vertex programs: 16
13:04:10:  * Number of boolean constants for vertex programs: 16
13:04:10:  * Fragment programs: yes
13:04:10:  * Number of floating-point constants for fragment programs: 32
13:04:10:  * Number of integer constants for fragment programs: 16
13:04:10:  * Number of boolean constants for fragment programs: 16
13:04:10:  * Geometry programs: no
13:04:10:  * Number of floating-point constants for geometry programs: 0
13:04:10:  * Number of integer constants for geometry programs: 13568
13:04:10:  * Number of boolean constants for geometry programs: 306
13:04:10:  * Supported Shader Profiles: hlsl ps_1_1 ps_1_2 ps_1_3 ps_1_4 ps_2_0 vs_1_1 vs_2_0
13:04:10:  * Texture Compression: yes
13:04:10:    - DXT: yes
13:04:10:    - VTC: no
13:04:10:    - PVRTC: no
13:04:10:  * Scissor Rectangle: yes
13:04:10:  * Hardware Occlusion Query: yes
13:04:10:  * User clip planes: yes
13:04:10:  * VET_UBYTE4 vertex element type: yes
13:04:10:  * Infinite far plane projection: yes
13:04:10:  * Hardware render-to-texture: yes
13:04:10:  * Floating point textures: yes
13:04:10:  * Non-power-of-two textures: yes (limited)
13:04:10:  * Volume textures: yes
13:04:10:  * Multiple Render Targets: 4
13:04:10:    - With different bit depths: no
13:04:10:  * Point Sprites: yes
13:04:10:  * Extended point parameters: yes
13:04:10:  * Max Point Size: 10
13:04:10:  * Vertex texture fetch: no
13:04:10:  * Number of world matrices: 0
13:04:10:  * Number of texture units: 8
13:04:10:  * Stencil buffer depth: 8
13:04:10:  * Number of vertex blend matrices: 0
13:04:10:  * Render to Vertex Buffer : no
13:04:10:  * DirectX per stage constants: no
13:04:10: ***************************************
13:04:10: *** D3D9 : Subsystem Initialised OK ***
13:04:10: ***************************************
13:04:10: DefaultWorkQueue('Root') initialising on thread 00158EB8.
13:04:10: DefaultWorkQueue('Root')::WorkerFunc - thread 001DB780 starting.
13:04:11: DefaultWorkQueue('Root')::WorkerFunc - thread 001DB7C0 starting.
13:04:11: Particle Renderer Type 'billboard' registered
13:04:11: SceneManagerFactory for type 'BspSceneManager' registered.
13:04:11: Registering ResourceManager for type BspLevel
13:04:11: SceneManagerFactory for type 'PCZSceneManager' registered.
13:04:11: MovableObjectFactory for type 'PCZLight' registered.
13:04:11: MovableObjectFactory for type 'Portal' registered.
13:04:11: MovableObjectFactory for type 'AntiPortal' registered.
13:04:11: PCZone Factory Type 'ZoneType_Octree' registered
13:04:11: PCZone Factory Type 'ZoneType_Terrain' registered
13:04:11: SceneManagerFactory for type 'OctreeSceneManager' registered.
13:04:11: SceneManagerFactory for type 'TerrainSceneManager' registered.
13:04:11: Parsing scripts for resource group Autodetect
13:04:11: Finished parsing scripts for resource group Autodetect
13:04:11: Parsing scripts for resource group Essential
13:04:11: Parsing script SdkTrays.material
13:04:11: Parsing script SdkTrays.fontdef
13:04:11: Parsing script SdkTrays.overlay
13:04:11: Bad element attribute line: '# you can offset the image to change the cursor "hotspot"' for element SdkTrays/Cursor in overlay 
13:04:11: Texture: sdk_cursor.png: Loading 1 faces(PF_A8R8G8B8,32x32x1) with  hardware generated mipmaps from Image. Internal format is PF_A8R8G8B8,32x32x1.
13:04:11: Texture: sdk_tray.png: Loading 1 faces(PF_A8R8G8B8,64x64x1) with  hardware generated mipmaps from Image. Internal format is PF_A8R8G8B8,64x64x1.
13:04:11: Texture: sdk_button_up.png: Loading 1 faces(PF_A8R8G8B8,128x32x1) with  hardware generated mipmaps from Image. Internal format is PF_A8R8G8B8,128x32x1.
13:04:11: Texture: sdk_text_box.png: Loading 1 faces(PF_A8R8G8B8,32x32x1) with  hardware generated mipmaps from Image. Internal format is PF_A8R8G8B8,32x32x1.
13:04:11: Texture: sdk_mini_tray.png: Loading 1 faces(PF_A8R8G8B8,32x32x1) with  hardware generated mipmaps from Image. Internal format is PF_A8R8G8B8,32x32x1.
13:04:11: Texture: sdk_track.png: Loading 1 faces(PF_A8R8G8B8,16x32x1) with  hardware generated mipmaps from Image. Internal format is PF_A8R8G8B8,16x32x1.
13:04:11: Texture: sdk_handle.png: Loading 1 faces(PF_A8R8G8B8,16x16x1) with  hardware generated mipmaps from Image. Internal format is PF_A8R8G8B8,16x16x1.
13:04:11: Texture: sdk_mini_text_box.png: Loading 1 faces(PF_A8R8G8B8,32x32x1) with  hardware generated mipmaps from Image. Internal format is PF_A8R8G8B8,32x32x1.
13:04:11: Texture: sdk_label.png: Loading 1 faces(PF_A8R8G8B8,32x32x1) with  hardware generated mipmaps from Image. Internal format is PF_A8R8G8B8,32x32x1.
13:04:11: Texture: sdk_separator.png: Loading 1 faces(PF_A8R8G8B8,64x16x1) with  hardware generated mipmaps from Image. Internal format is PF_A8R8G8B8,64x16x1.
13:04:11: Texture: sdk_logo.png: Loading 1 faces(PF_A8R8G8B8,128x64x1) with  hardware generated mipmaps from Image. Internal format is PF_A8R8G8B8,128x64x1.
13:04:11: D3D9 : ***** Dimensions altered by the render system
13:04:11: D3D9 : ***** Source image dimensions : 64x48
13:04:11: D3D9 : ***** Texture dimensions : 64x64
13:04:11: Texture: sdk_shade.png: Loading 1 faces(PF_A8R8G8B8,64x48x1) with 5 generated mipmaps from Image. Internal format is PF_A8R8G8B8,64x64x1.
13:04:11: Texture: sdk_frame.png: Loading 1 faces(PF_A8R8G8B8,32x32x1) with  hardware generated mipmaps from Image. Internal format is PF_A8R8G8B8,32x32x1.
13:04:11: Texture: sdk_mini_text_box_over.png: Loading 1 faces(PF_A8R8G8B8,32x32x1) with  hardware generated mipmaps from Image. Internal format is PF_A8R8G8B8,32x32x1.
13:04:11: Texture: sdk_pulse.png: Loading 1 faces(PF_R8G8B8,8x1x1) with  hardware generated mipmaps from Image. Internal format is PF_X8R8G8B8,8x1x1.
13:04:11: Finished parsing scripts for resource group Essential
13:04:11: Parsing scripts for resource group General
13:04:11: Finished parsing scripts for resource group General
13:04:11: Parsing scripts for resource group Internal
13:04:11: Finished parsing scripts for resource group Internal
13:04:11: Parsing scripts for resource group Popular
13:04:11: Parsing script Examples.program
13:04:12: Parsing script StdQuad_vp.program
13:04:12: Parsing script deferred_post.program
13:04:12: Parsing script ShadowCaster.program
13:04:12: Parsing script ASCII.material
13:04:12: Parsing script ASMSwizzle.material
13:04:12: Compiler error: object unsupported by render system in ASMSwizzle.material(1)
13:04:12: Parsing script BlackAndWhite.material
13:04:12: Parsing script Bloom.material
13:04:13: Parsing script Bloom2.material
13:04:14: Parsing script CGSwizzle.material
13:04:14: Parsing script CompositorDemo.material
13:04:14: Parsing script DepthShadowmap.material
13:04:14: Parsing script Dither.material
13:04:15: Parsing script DOF.material
13:04:15: Parsing script Embossed.material
13:04:15: Parsing script Example-Water.material
13:04:15: Parsing script Examples-Advanced.material
13:04:15: Parsing script Examples-DynTex.material
13:04:15: Parsing script Examples-Water.material
13:04:15: Parsing script Examples.material
13:04:15: OGRE EXCEPTION(2:InvalidParametersException): Parameter called camObjPos does not exist.  in GpuProgramParameters::_findNamedConstantDefinition at ..\..\..\..\OgreMain\src\OgreGpuProgramParams.cpp (line 1433)
13:04:15: Compiler error: invalid parameters in Examples.material(837): setting of constant failed
13:04:16: Parsing script facial.material
13:04:16: Parsing script Glass.material
13:04:16: Parsing script GLSLSwizzle.material
13:04:16: Parsing script Halftone.material
13:04:16: Parsing script hdr.material
13:04:16: Parsing script HeatVision.material
13:04:16: Parsing script Hurt.material
13:04:16: Parsing script instancing.material
13:04:17: Parsing script Invert.material
13:04:17: Parsing script IsoSurf.material
13:04:17: Parsing script Laplace.material
13:04:17: Parsing script MotionBlur.material
13:04:17: Parsing script MRTtest.material
13:04:17: Parsing script NightVision.material
13:04:17: Parsing script Ocean.material
13:04:18: Parsing script OffsetMapping.material
13:04:18: Parsing script Ogre.material
13:04:18: Parsing script OldMovie.material
13:04:19: Parsing script OldTV.material
13:04:19: Parsing script ParticleGS.material
13:04:19: OGRE EXCEPTION(7:InternalErrorException): Unable to compile Cg program Ogre/ParticleGS/GenerateVS: CG ERROR : "The compile returned an error."
(0) : error C6015: Output 'POSITION' not completely written
 in CgProgram::loadFromSource at ..\..\..\..\..\PlugIns\CgProgramManager\src\OgreCgProgramManagerDll.cpp (line 67)
13:04:19: High-level program Ogre/ParticleGS/GenerateVS encountered an error during loading and is thus not supported.
OGRE EXCEPTION(7:InternalErrorException): Unable to compile Cg program Ogre/ParticleGS/GenerateVS: CG ERROR : "The compile returned an error."
(0) : error C6015: Output 'POSITION' not completely written
 in CgProgram::loadFromSource at ..\..\..\..\..\PlugIns\CgProgramManager\src\OgreCgProgramManagerDll.cpp (line 67)
13:04:19: OGRE EXCEPTION(7:InternalErrorException): Unable to compile Cg program Ogre/ParticleGS/DisplayVS: CG ERROR : "The compile returned an error."
(249) : warning C7050: "output.color" might be used before being initialized
(0) : error C6015: Output 'POSITION' not completely written
 in CgProgram::loadFromSource at ..\..\..\..\..\PlugIns\CgProgramManager\src\OgreCgProgramManagerDll.cpp (line 67)
13:04:19: High-level program Ogre/ParticleGS/DisplayVS encountered an error during loading and is thus not supported.
OGRE EXCEPTION(7:InternalErrorException): Unable to compile Cg program Ogre/ParticleGS/DisplayVS: CG ERROR : "The compile returned an error."
(249) : warning C7050: "output.color" might be used before being initialized
(0) : error C6015: Output 'POSITION' not completely written
 in CgProgram::loadFromSource at ..\..\..\..\..\PlugIns\CgProgramManager\src\OgreCgProgramManagerDll.cpp (line 67)
13:04:19: OGRE EXCEPTION(7:InternalErrorException): Unable to compile Cg program Ogre/ParticleGS/DisplayPS: CG ERROR : "The compile returned an error."
(323) : fatal error C9999: unexpected cast operation
 in CgProgram::loadFromSource at ..\..\..\..\..\PlugIns\CgProgramManager\src\OgreCgProgramManagerDll.cpp (line 67)
13:04:19: High-level program Ogre/ParticleGS/DisplayPS encountered an error during loading and is thus not supported.
OGRE EXCEPTION(7:InternalErrorException): Unable to compile Cg program Ogre/ParticleGS/DisplayPS: CG ERROR : "The compile returned an error."
(323) : fatal error C9999: unexpected cast operation
 in CgProgram::loadFromSource at ..\..\..\..\..\PlugIns\CgProgramManager\src\OgreCgProgramManagerDll.cpp (line 67)
13:04:19: Parsing script Penguin.material
13:04:19: Parsing script Posterize.material
13:04:19: Parsing script pssm.material
13:04:19: Parsing script RadialBlur.material
13:04:19: Parsing script RZR-002.material
13:04:19: Parsing script ShaderSystem.material
13:04:19: Parsing script shadows.material
13:04:19: Parsing script SharpenEdges.material
13:04:19: Parsing script sibenik.material
13:04:19: Parsing script smoke.material
13:04:19: Parsing script Tiling.material
13:04:19: Parsing script VarianceShadowmap.material
13:04:19: Parsing script deferreddemo.material
13:04:19: Parsing script deferred_post.material
13:04:19: Parsing script deferred_post_minilight.material
13:04:19: Parsing script ShadowCaster.material
13:04:19: Parsing script ssao.material
13:04:19: Parsing script ROOM.material
13:04:19: Parsing script RTShaderSystem.material
13:04:19: Compiler error: unknown error in RTShaderSystem.material(23): token "rtshader_system" is not recognized
13:04:19: Compiler error: unknown error in RTShaderSystem.material(52): token "rtshader_system" is not recognized
13:04:19: Compiler error: unknown error in RTShaderSystem.material(81): token "rtshader_system" is not recognized
13:04:19: Compiler error: unknown error in RTShaderSystem.material(110): token "rtshader_system" is not recognized
13:04:19: Compiler error: unknown error in RTShaderSystem.material(146): token "rtshader_system" is not recognized
13:04:19: Compiler error: unknown error in RTShaderSystem.material(81): token "rtshader_system" is not recognized
13:04:19: Compiler error: unknown error in RTShaderSystem.material(162): token "rtshader_system" is not recognized
13:04:19: Compiler error: unknown error in RTShaderSystem.material(81): token "rtshader_system" is not recognized
13:04:19: Compiler error: unknown error in RTShaderSystem.material(110): token "rtshader_system" is not recognized
13:04:19: Parsing script RomanBath.material
13:04:19: Parsing script Sinbad.material
13:04:19: Parsing script emitted_emitter.particle
13:04:19: Parsing script Examples-Water.particle
13:04:19: Parsing script Examples.particle
13:04:20: Parsing script smoke.particle
13:04:20: Parsing script Examples.compositor
13:04:20: Parsing script deferred.compositor
13:04:20: Parsing script ssao.compositor
13:04:20: Parsing script sample.fontdef
13:04:20: Finished parsing scripts for resource group Popular
13:04:20: *** Initializing OIS ***
13:04:21: Font SdkTrays/Captionusing texture size 512x256
13:04:21: Info: Freetype returned null for character 160 in font SdkTrays/Caption
13:04:21: Texture: SdkTrays/CaptionTexture: Loading 1 faces(PF_BYTE_LA,512x256x1) with 0 generated mipmaps from Image. Internal format is PF_BYTE_LA,512x256x1.
13:04:21: Font SdkTrays/Valueusing texture size 512x512
13:04:21: Info: Freetype returned null for character 127 in font SdkTrays/Value
13:04:21: Info: Freetype returned null for character 128 in font SdkTrays/Value
13:04:21: Info: Freetype returned null for character 129 in font SdkTrays/Value
13:04:21: Info: Freetype returned null for character 130 in font SdkTrays/Value
13:04:21: Info: Freetype returned null for character 131 in font SdkTrays/Value
13:04:21: Info: Freetype returned null for character 132 in font SdkTrays/Value
13:04:21: Info: Freetype returned null for character 133 in font SdkTrays/Value
13:04:21: Info: Freetype returned null for character 134 in font SdkTrays/Value
13:04:21: Info: Freetype returned null for character 135 in font SdkTrays/Value
13:04:21: Info: Freetype returned null for character 136 in font SdkTrays/Value
13:04:21: Info: Freetype returned null for character 137 in font SdkTrays/Value
13:04:21: Info: Freetype returned null for character 138 in font SdkTrays/Value
13:04:21: Info: Freetype returned null for character 139 in font SdkTrays/Value
13:04:21: Info: Freetype returned null for character 140 in font SdkTrays/Value
13:04:21: Info: Freetype returned null for character 141 in font SdkTrays/Value
13:04:21: Info: Freetype returned null for character 142 in font SdkTrays/Value
13:04:21: Info: Freetype returned null for character 143 in font SdkTrays/Value
13:04:21: Info: Freetype returned null for character 144 in font SdkTrays/Value
13:04:21: Info: Freetype returned null for character 145 in font SdkTrays/Value
13:04:21: Info: Freetype returned null for character 146 in font SdkTrays/Value
13:04:21: Info: Freetype returned null for character 147 in font SdkTrays/Value
13:04:21: Info: Freetype returned null for character 148 in font SdkTrays/Value
13:04:21: Info: Freetype returned null for character 149 in font SdkTrays/Value
13:04:21: Info: Freetype returned null for character 150 in font SdkTrays/Value
13:04:21: Info: Freetype returned null for character 151 in font SdkTrays/Value
13:04:21: Info: Freetype returned null for character 152 in font SdkTrays/Value
13:04:21: Info: Freetype returned null for character 153 in font SdkTrays/Value
13:04:21: Info: Freetype returned null for character 154 in font SdkTrays/Value
13:04:21: Info: Freetype returned null for character 155 in font SdkTrays/Value
13:04:21: Info: Freetype returned null for character 156 in font SdkTrays/Value
13:04:21: Info: Freetype returned null for character 157 in font SdkTrays/Value
13:04:21: Info: Freetype returned null for character 158 in font SdkTrays/Value
13:04:21: Info: Freetype returned null for character 159 in font SdkTrays/Value
13:04:21: Info: Freetype returned null for character 160 in font SdkTrays/Value
13:04:21: Texture: SdkTrays/ValueTexture: Loading 1 faces(PF_BYTE_LA,512x512x1) with 0 generated mipmaps from Image. Internal format is PF_BYTE_LA,512x512x1.
13:04:21: Mesh: Loading sinbad.mesh.
13:04:21: Skeleton: Loading Sinbad.skeleton
13:04:21: WARNING: sinbad.mesh is an older format ([MeshSerializer_v1.40]); you should upgrade it as soon as possible using the OgreMeshUpgrade tool.
13:04:21: Texture: sinbad_body.tga: Loading 1 faces(PF_R8G8B8,512x512x1) with  hardware generated mipmaps from Image. Internal format is PF_X8R8G8B8,512x512x1.
13:04:21: Texture: sinbad_clothes.tga: Loading 1 faces(PF_R8G8B8,512x512x1) with  hardware generated mipmaps from Image. Internal format is PF_X8R8G8B8,512x512x1.
13:04:21: Texture: sinbad_sword.tga: Loading 1 faces(PF_R8G8B8,256x256x1) with  hardware generated mipmaps from Image. Internal format is PF_X8R8G8B8,256x256x1.
13:04:21: WARNING: the mesh 'sinbad.mesh' includes vertices with more than 4 bone assignments. The lowest weighted assignments beyond this limit have been removed, so your animation may look slightly different. To eliminate this, reduce the number of bone assignments per vertex on your mesh to 4.
13:04:21: Mesh: Loading Sinbad.mesh.
13:04:21: WARNING: Sinbad.mesh is an older format ([MeshSerializer_v1.40]); you should upgrade it as soon as possible using the OgreMeshUpgrade tool.
13:04:21: WARNING: the mesh 'Sinbad.mesh' includes vertices with more than 4 bone assignments. The lowest weighted assignments beyond this limit have been removed, so your animation may look slightly different. To eliminate this, reduce the number of bone assignments per vertex on your mesh to 4.
13:04:21: Mesh: Loading Sword.mesh.
13:04:21: WARNING: Sword.mesh is an older format ([MeshSerializer_v1.40]); you should upgrade it as soon as possible using the OgreMeshUpgrade tool.
13:04:21: Texture: ribbonband.png: Loading 1 faces(PF_R8G8B8,128x1x1) with  hardware generated mipmaps from Image. Internal format is PF_X8R8G8B8,128x1x1.
